<?xml version="1.0" encoding="UTF-8"?>
<testsuite xmlns:xsi="http://www.w3.org/2001/XMLSchema-instance" xsi:noNamespaceSchemaLocation="https://maven.apache.org/surefire/maven-surefire-plugin/xsd/surefire-test-report.xsd" name="net.apmoller.athena.microservices.ComparatorDashboard.services.ComparatorDashboardServiceTest" time="0.269" tests="2" errors="2" skipped="0" failures="0">
  <properties>
    <property name="sun.desktop" value="windows"/>
    <property name="awt.toolkit" value="sun.awt.windows.WToolkit"/>
    <property name="java.specification.version" value="11"/>
    <property name="sun.cpu.isalist" value="amd64"/>
    <property name="sun.jnu.encoding" value="Cp1252"/>
    <property name="java.class.path" value="C:\Users\JRA309\IdeaProjects\ComparatorDashboard\target\test-classes;C:\Users\JRA309\IdeaProjects\ComparatorDashboard\target\classes;C:\Users\JRA309\.m2\repository\org\springframework\boot\spring-boot-starter-webflux\2.4.3\spring-boot-starter-webflux-2.4.3.jar;C:\Users\JRA309\.m2\repository\org\springframework\boot\spring-boot-starter\2.4.3\spring-boot-starter-2.4.3.jar;C:\Users\JRA309\.m2\repository\org\springframework\boot\spring-boot\2.4.3\spring-boot-2.4.3.jar;C:\Users\JRA309\.m2\repository\org\springframework\boot\spring-boot-autoconfigure\2.4.3\spring-boot-autoconfigure-2.4.3.jar;C:\Users\JRA309\.m2\repository\jakarta\annotation\jakarta.annotation-api\1.3.5\jakarta.annotation-api-1.3.5.jar;C:\Users\JRA309\.m2\repository\org\yaml\snakeyaml\1.27\snakeyaml-1.27.jar;C:\Users\JRA309\.m2\repository\org\springframework\boot\spring-boot-starter-json\2.4.3\spring-boot-starter-json-2.4.3.jar;C:\Users\JRA309\.m2\repository\com\fasterxml\jackson\datatype\jackson-datatype-jdk8\2.11.4\jackson-datatype-jdk8-2.11.4.jar;C:\Users\JRA309\.m2\repository\com\fasterxml\jackson\datatype\jackson-datatype-jsr310\2.11.4\jackson-datatype-jsr310-2.11.4.jar;C:\Users\JRA309\.m2\repository\com\fasterxml\jackson\module\jackson-module-parameter-names\2.11.4\jackson-module-parameter-names-2.11.4.jar;C:\Users\JRA309\.m2\repository\org\springframework\boot\spring-boot-starter-reactor-netty\2.4.3\spring-boot-starter-reactor-netty-2.4.3.jar;C:\Users\JRA309\.m2\repository\io\projectreactor\netty\reactor-netty-http\1.0.4\reactor-netty-http-1.0.4.jar;C:\Users\JRA309\.m2\repository\io\netty\netty-codec-http\4.1.59.Final\netty-codec-http-4.1.59.Final.jar;C:\Users\JRA309\.m2\repository\io\netty\netty-common\4.1.59.Final\netty-common-4.1.59.Final.jar;C:\Users\JRA309\.m2\repository\io\netty\netty-buffer\4.1.59.Final\netty-buffer-4.1.59.Final.jar;C:\Users\JRA309\.m2\repository\io\netty\netty-transport\4.1.59.Final\netty-transport-4.1.59.Final.jar;C:\Users\JRA309\.m2\repository\io\netty\netty-codec\4.1.59.Final\netty-codec-4.1.59.Final.jar;C:\Users\JRA309\.m2\repository\io\netty\netty-handler\4.1.59.Final\netty-handler-4.1.59.Final.jar;C:\Users\JRA309\.m2\repository\io\netty\netty-codec-http2\4.1.59.Final\netty-codec-http2-4.1.59.Final.jar;C:\Users\JRA309\.m2\repository\io\netty\netty-resolver-dns\4.1.59.Final\netty-resolver-dns-4.1.59.Final.jar;C:\Users\JRA309\.m2\repository\io\netty\netty-resolver\4.1.59.Final\netty-resolver-4.1.59.Final.jar;C:\Users\JRA309\.m2\repository\io\netty\netty-codec-dns\4.1.59.Final\netty-codec-dns-4.1.59.Final.jar;C:\Users\JRA309\.m2\repository\io\netty\netty-resolver-dns-native-macos\4.1.59.Final\netty-resolver-dns-native-macos-4.1.59.Final-osx-x86_64.jar;C:\Users\JRA309\.m2\repository\io\netty\netty-transport-native-unix-common\4.1.59.Final\netty-transport-native-unix-common-4.1.59.Final.jar;C:\Users\JRA309\.m2\repository\io\netty\netty-transport-native-epoll\4.1.59.Final\netty-transport-native-epoll-4.1.59.Final-linux-x86_64.jar;C:\Users\JRA309\.m2\repository\io\projectreactor\netty\reactor-netty-core\1.0.4\reactor-netty-core-1.0.4.jar;C:\Users\JRA309\.m2\repository\io\netty\netty-handler-proxy\4.1.59.Final\netty-handler-proxy-4.1.59.Final.jar;C:\Users\JRA309\.m2\repository\io\netty\netty-codec-socks\4.1.59.Final\netty-codec-socks-4.1.59.Final.jar;C:\Users\JRA309\.m2\repository\org\springframework\spring-web\5.3.4\spring-web-5.3.4.jar;C:\Users\JRA309\.m2\repository\org\springframework\spring-beans\5.3.4\spring-beans-5.3.4.jar;C:\Users\JRA309\.m2\repository\org\springframework\spring-webflux\5.3.4\spring-webflux-5.3.4.jar;C:\Users\JRA309\.m2\repository\org\mapstruct\mapstruct\1.4.1.Final\mapstruct-1.4.1.Final.jar;C:\Users\JRA309\.m2\repository\org\springframework\boot\spring-boot-starter-log4j2\2.4.3\spring-boot-starter-log4j2-2.4.3.jar;C:\Users\JRA309\.m2\repository\org\apache\logging\log4j\log4j-slf4j-impl\2.13.3\log4j-slf4j-impl-2.13.3.jar;C:\Users\JRA309\.m2\repository\org\apache\logging\log4j\log4j-core\2.13.3\log4j-core-2.13.3.jar;C:\Users\JRA309\.m2\repository\org\apache\logging\log4j\log4j-jul\2.13.3\log4j-jul-2.13.3.jar;C:\Users\JRA309\.m2\repository\org\slf4j\jul-to-slf4j\1.7.30\jul-to-slf4j-1.7.30.jar;C:\Users\JRA309\.m2\repository\org\mapstruct\mapstruct-processor\1.4.1.Final\mapstruct-processor-1.4.1.Final.jar;C:\Users\JRA309\.m2\repository\org\springframework\boot\spring-boot-starter-validation\2.4.3\spring-boot-starter-validation-2.4.3.jar;C:\Users\JRA309\.m2\repository\org\glassfish\jakarta.el\3.0.3\jakarta.el-3.0.3.jar;C:\Users\JRA309\.m2\repository\org\hibernate\validator\hibernate-validator\6.1.7.Final\hibernate-validator-6.1.7.Final.jar;C:\Users\JRA309\.m2\repository\jakarta\validation\jakarta.validation-api\2.0.2\jakarta.validation-api-2.0.2.jar;C:\Users\JRA309\.m2\repository\org\jboss\logging\jboss-logging\3.4.1.Final\jboss-logging-3.4.1.Final.jar;C:\Users\JRA309\.m2\repository\org\springframework\boot\spring-boot-starter-actuator\2.4.3\spring-boot-starter-actuator-2.4.3.jar;C:\Users\JRA309\.m2\repository\org\springframework\boot\spring-boot-actuator-autoconfigure\2.4.3\spring-boot-actuator-autoconfigure-2.4.3.jar;C:\Users\JRA309\.m2\repository\org\springframework\boot\spring-boot-actuator\2.4.3\spring-boot-actuator-2.4.3.jar;C:\Users\JRA309\.m2\repository\io\micrometer\micrometer-core\1.6.4\micrometer-core-1.6.4.jar;C:\Users\JRA309\.m2\repository\org\hdrhistogram\HdrHistogram\2.1.12\HdrHistogram-2.1.12.jar;C:\Users\JRA309\.m2\repository\org\latencyutils\LatencyUtils\2.0.3\LatencyUtils-2.0.3.jar;C:\Users\JRA309\.m2\repository\io\projectreactor\reactor-test\3.4.3\reactor-test-3.4.3.jar;C:\Users\JRA309\.m2\repository\io\projectreactor\reactor-core\3.4.3\reactor-core-3.4.3.jar;C:\Users\JRA309\.m2\repository\org\reactivestreams\reactive-streams\1.0.3\reactive-streams-1.0.3.jar;C:\Users\JRA309\.m2\repository\org\projectlombok\lombok\1.18.16\lombok-1.18.16.jar;C:\Users\JRA309\.m2\repository\org\springframework\boot\spring-boot-starter-test\2.4.3\spring-boot-starter-test-2.4.3.jar;C:\Users\JRA309\.m2\repository\org\springframework\boot\spring-boot-test\2.4.3\spring-boot-test-2.4.3.jar;C:\Users\JRA309\.m2\repository\org\springframework\boot\spring-boot-test-autoconfigure\2.4.3\spring-boot-test-autoconfigure-2.4.3.jar;C:\Users\JRA309\.m2\repository\com\jayway\jsonpath\json-path\2.4.0\json-path-2.4.0.jar;C:\Users\JRA309\.m2\repository\net\minidev\json-smart\2.3\json-smart-2.3.jar;C:\Users\JRA309\.m2\repository\net\minidev\accessors-smart\1.2\accessors-smart-1.2.jar;C:\Users\JRA309\.m2\repository\org\ow2\asm\asm\5.0.4\asm-5.0.4.jar;C:\Users\JRA309\.m2\repository\jakarta\xml\bind\jakarta.xml.bind-api\2.3.3\jakarta.xml.bind-api-2.3.3.jar;C:\Users\JRA309\.m2\repository\jakarta\activation\jakarta.activation-api\1.2.2\jakarta.activation-api-1.2.2.jar;C:\Users\JRA309\.m2\repository\org\assertj\assertj-core\3.18.1\assertj-core-3.18.1.jar;C:\Users\JRA309\.m2\repository\org\hamcrest\hamcrest\2.2\hamcrest-2.2.jar;C:\Users\JRA309\.m2\repository\org\junit\jupiter\junit-jupiter\5.7.1\junit-jupiter-5.7.1.jar;C:\Users\JRA309\.m2\repository\org\junit\jupiter\junit-jupiter-params\5.7.1\junit-jupiter-params-5.7.1.jar;C:\Users\JRA309\.m2\repository\org\mockito\mockito-core\3.6.28\mockito-core-3.6.28.jar;C:\Users\JRA309\.m2\repository\net\bytebuddy\byte-buddy\1.10.20\byte-buddy-1.10.20.jar;C:\Users\JRA309\.m2\repository\net\bytebuddy\byte-buddy-agent\1.10.20\byte-buddy-agent-1.10.20.jar;C:\Users\JRA309\.m2\repository\org\objenesis\objenesis\3.1\objenesis-3.1.jar;C:\Users\JRA309\.m2\repository\org\mockito\mockito-junit-jupiter\3.6.28\mockito-junit-jupiter-3.6.28.jar;C:\Users\JRA309\.m2\repository\org\skyscreamer\jsonassert\1.5.0\jsonassert-1.5.0.jar;C:\Users\JRA309\.m2\repository\com\vaadin\external\google\android-json\0.0.20131108.vaadin1\android-json-0.0.20131108.vaadin1.jar;C:\Users\JRA309\.m2\repository\org\springframework\spring-core\5.3.4\spring-core-5.3.4.jar;C:\Users\JRA309\.m2\repository\org\springframework\spring-jcl\5.3.4\spring-jcl-5.3.4.jar;C:\Users\JRA309\.m2\repository\org\springframework\spring-test\5.3.4\spring-test-5.3.4.jar;C:\Users\JRA309\.m2\repository\org\xmlunit\xmlunit-core\2.7.0\xmlunit-core-2.7.0.jar;C:\Users\JRA309\.m2\repository\org\junit\jupiter\junit-jupiter-engine\5.7.1\junit-jupiter-engine-5.7.1.jar;C:\Users\JRA309\.m2\repository\org\apiguardian\apiguardian-api\1.1.0\apiguardian-api-1.1.0.jar;C:\Users\JRA309\.m2\repository\org\junit\platform\junit-platform-engine\1.7.1\junit-platform-engine-1.7.1.jar;C:\Users\JRA309\.m2\repository\org\junit\jupiter\junit-jupiter-api\5.7.1\junit-jupiter-api-5.7.1.jar;C:\Users\JRA309\.m2\repository\org\opentest4j\opentest4j\1.2.0\opentest4j-1.2.0.jar;C:\Users\JRA309\.m2\repository\org\junit\platform\junit-platform-commons\1.7.1\junit-platform-commons-1.7.1.jar;C:\Users\JRA309\.m2\repository\org\springframework\restdocs\spring-restdocs-mockmvc\2.0.5.RELEASE\spring-restdocs-mockmvc-2.0.5.RELEASE.jar;C:\Users\JRA309\.m2\repository\javax\servlet\javax.servlet-api\4.0.1\javax.servlet-api-4.0.1.jar;C:\Users\JRA309\.m2\repository\org\springframework\restdocs\spring-restdocs-core\2.0.5.RELEASE\spring-restdocs-core-2.0.5.RELEASE.jar;C:\Users\JRA309\.m2\repository\org\springframework\spring-webmvc\5.3.4\spring-webmvc-5.3.4.jar;C:\Users\JRA309\.m2\repository\org\springframework\spring-aop\5.3.4\spring-aop-5.3.4.jar;C:\Users\JRA309\.m2\repository\org\springframework\spring-expression\5.3.4\spring-expression-5.3.4.jar;C:\Users\JRA309\.m2\repository\com\fasterxml\jackson\core\jackson-core\2.12.1\jackson-core-2.12.1.jar;C:\Users\JRA309\.m2\repository\com\fasterxml\jackson\core\jackson-databind\2.12.1\jackson-databind-2.12.1.jar;C:\Users\JRA309\.m2\repository\com\fasterxml\jackson\core\jackson-annotations\2.12.1\jackson-annotations-2.12.1.jar;C:\Users\JRA309\.m2\repository\commons-io\commons-io\2.5\commons-io-2.5.jar;C:\Users\JRA309\.m2\repository\io\micrometer\micrometer-registry-prometheus\1.6.4\micrometer-registry-prometheus-1.6.4.jar;C:\Users\JRA309\.m2\repository\io\prometheus\simpleclient_common\0.9.0\simpleclient_common-0.9.0.jar;C:\Users\JRA309\.m2\repository\io\prometheus\simpleclient\0.9.0\simpleclient-0.9.0.jar;C:\Users\JRA309\.m2\repository\io\springfox\springfox-boot-starter\3.0.0\springfox-boot-starter-3.0.0.jar;C:\Users\JRA309\.m2\repository\io\springfox\springfox-oas\3.0.0\springfox-oas-3.0.0.jar;C:\Users\JRA309\.m2\repository\io\swagger\core\v3\swagger-annotations\2.1.2\swagger-annotations-2.1.2.jar;C:\Users\JRA309\.m2\repository\io\swagger\core\v3\swagger-models\2.1.2\swagger-models-2.1.2.jar;C:\Users\JRA309\.m2\repository\io\springfox\springfox-spi\3.0.0\springfox-spi-3.0.0.jar;C:\Users\JRA309\.m2\repository\io\springfox\springfox-schema\3.0.0\springfox-schema-3.0.0.jar;C:\Users\JRA309\.m2\repository\io\springfox\springfox-core\3.0.0\springfox-core-3.0.0.jar;C:\Users\JRA309\.m2\repository\io\springfox\springfox-spring-web\3.0.0\springfox-spring-web-3.0.0.jar;C:\Users\JRA309\.m2\repository\io\github\classgraph\classgraph\4.8.83\classgraph-4.8.83.jar;C:\Users\JRA309\.m2\repository\io\springfox\springfox-spring-webflux\3.0.0\springfox-spring-webflux-3.0.0.jar;C:\Users\JRA309\.m2\repository\io\springfox\springfox-swagger-common\3.0.0\springfox-swagger-common-3.0.0.jar;C:\Users\JRA309\.m2\repository\io\springfox\springfox-data-rest\3.0.0\springfox-data-rest-3.0.0.jar;C:\Users\JRA309\.m2\repository\io\springfox\springfox-bean-validators\3.0.0\springfox-bean-validators-3.0.0.jar;C:\Users\JRA309\.m2\repository\io\springfox\springfox-swagger2\3.0.0\springfox-swagger2-3.0.0.jar;C:\Users\JRA309\.m2\repository\io\swagger\swagger-annotations\1.5.20\swagger-annotations-1.5.20.jar;C:\Users\JRA309\.m2\repository\io\swagger\swagger-models\1.5.20\swagger-models-1.5.20.jar;C:\Users\JRA309\.m2\repository\com\fasterxml\classmate\1.5.1\classmate-1.5.1.jar;C:\Users\JRA309\.m2\repository\org\slf4j\slf4j-api\1.7.30\slf4j-api-1.7.30.jar;C:\Users\JRA309\.m2\repository\org\springframework\plugin\spring-plugin-core\2.0.0.RELEASE\spring-plugin-core-2.0.0.RELEASE.jar;C:\Users\JRA309\.m2\repository\org\springframework\plugin\spring-plugin-metadata\2.0.0.RELEASE\spring-plugin-metadata-2.0.0.RELEASE.jar;C:\Users\JRA309\.m2\repository\io\springfox\springfox-swagger-ui\3.0.0\springfox-swagger-ui-3.0.0.jar;C:\Users\JRA309\.m2\repository\io\springfox\springfox-spring-webmvc\3.0.0\springfox-spring-webmvc-3.0.0.jar;C:\Users\JRA309\.m2\repository\net\apmoller\athena\util\athena-authtoken-validator\1.0.2\athena-authtoken-validator-1.0.2.jar;C:\Users\JRA309\.m2\repository\com\auth0\jwks-rsa\0.11.0\jwks-rsa-0.11.0.jar;C:\Users\JRA309\.m2\repository\commons-codec\commons-codec\1.15\commons-codec-1.15.jar;C:\Users\JRA309\.m2\repository\com\google\guava\guava\27.1-jre\guava-27.1-jre.jar;C:\Users\JRA309\.m2\repository\com\google\guava\failureaccess\1.0.1\failureaccess-1.0.1.jar;C:\Users\JRA309\.m2\repository\com\google\guava\listenablefuture\9999.0-empty-to-avoid-conflict-with-guava\listenablefuture-9999.0-empty-to-avoid-conflict-with-guava.jar;C:\Users\JRA309\.m2\repository\com\google\code\findbugs\jsr305\3.0.2\jsr305-3.0.2.jar;C:\Users\JRA309\.m2\repository\org\checkerframework\checker-qual\2.5.2\checker-qual-2.5.2.jar;C:\Users\JRA309\.m2\repository\com\google\errorprone\error_prone_annotations\2.2.0\error_prone_annotations-2.2.0.jar;C:\Users\JRA309\.m2\repository\com\google\j2objc\j2objc-annotations\1.1\j2objc-annotations-1.1.jar;C:\Users\JRA309\.m2\repository\org\codehaus\mojo\animal-sniffer-annotations\1.17\animal-sniffer-annotations-1.17.jar;C:\Users\JRA309\.m2\repository\com\auth0\java-jwt\3.9.0\java-jwt-3.9.0.jar;C:\Users\JRA309\.m2\repository\org\springframework\spring-context\5.3.4\spring-context-5.3.4.jar;C:\Users\JRA309\.m2\repository\org\apache\logging\log4j\log4j-api\2.13.3\log4j-api-2.13.3.jar;"/>
    <property name="java.vm.vendor" value="Oracle Corporation"/>
    <property name="sun.arch.data.model" value="64"/>
    <property name="user.variant" value=""/>
    <property name="java.vendor.url" value="https://openjdk.java.net/"/>
    <property name="user.timezone" value="Asia/Calcutta"/>
    <property name="java.vm.specification.version" value="11"/>
    <property name="os.name" value="Windows 10"/>
    <property name="sun.java.launcher" value="SUN_STANDARD"/>
    <property name="user.country" value="IN"/>
    <property name="sun.boot.library.path" value="C:\Program Files\Java\jdk-11.0.12\bin"/>
    <property name="sun.java.command" value="C:\Users\JRA309\AppData\Local\Temp\surefire3173436000449801559\surefirebooter2406100692903103509.jar C:\Users\JRA309\AppData\Local\Temp\surefire3173436000449801559 2021-09-15T18-46-41_423-jvmRun1 surefire12125733621885856063tmp surefire_012539461934305296619tmp"/>
    <property name="jdk.debug" value="release"/>
    <property name="surefire.test.class.path" value="C:\Users\JRA309\IdeaProjects\ComparatorDashboard\target\test-classes;C:\Users\JRA309\IdeaProjects\ComparatorDashboard\target\classes;C:\Users\JRA309\.m2\repository\org\springframework\boot\spring-boot-starter-webflux\2.4.3\spring-boot-starter-webflux-2.4.3.jar;C:\Users\JRA309\.m2\repository\org\springframework\boot\spring-boot-starter\2.4.3\spring-boot-starter-2.4.3.jar;C:\Users\JRA309\.m2\repository\org\springframework\boot\spring-boot\2.4.3\spring-boot-2.4.3.jar;C:\Users\JRA309\.m2\repository\org\springframework\boot\spring-boot-autoconfigure\2.4.3\spring-boot-autoconfigure-2.4.3.jar;C:\Users\JRA309\.m2\repository\jakarta\annotation\jakarta.annotation-api\1.3.5\jakarta.annotation-api-1.3.5.jar;C:\Users\JRA309\.m2\repository\org\yaml\snakeyaml\1.27\snakeyaml-1.27.jar;C:\Users\JRA309\.m2\repository\org\springframework\boot\spring-boot-starter-json\2.4.3\spring-boot-starter-json-2.4.3.jar;C:\Users\JRA309\.m2\repository\com\fasterxml\jackson\datatype\jackson-datatype-jdk8\2.11.4\jackson-datatype-jdk8-2.11.4.jar;C:\Users\JRA309\.m2\repository\com\fasterxml\jackson\datatype\jackson-datatype-jsr310\2.11.4\jackson-datatype-jsr310-2.11.4.jar;C:\Users\JRA309\.m2\repository\com\fasterxml\jackson\module\jackson-module-parameter-names\2.11.4\jackson-module-parameter-names-2.11.4.jar;C:\Users\JRA309\.m2\repository\org\springframework\boot\spring-boot-starter-reactor-netty\2.4.3\spring-boot-starter-reactor-netty-2.4.3.jar;C:\Users\JRA309\.m2\repository\io\projectreactor\netty\reactor-netty-http\1.0.4\reactor-netty-http-1.0.4.jar;C:\Users\JRA309\.m2\repository\io\netty\netty-codec-http\4.1.59.Final\netty-codec-http-4.1.59.Final.jar;C:\Users\JRA309\.m2\repository\io\netty\netty-common\4.1.59.Final\netty-common-4.1.59.Final.jar;C:\Users\JRA309\.m2\repository\io\netty\netty-buffer\4.1.59.Final\netty-buffer-4.1.59.Final.jar;C:\Users\JRA309\.m2\repository\io\netty\netty-transport\4.1.59.Final\netty-transport-4.1.59.Final.jar;C:\Users\JRA309\.m2\repository\io\netty\netty-codec\4.1.59.Final\netty-codec-4.1.59.Final.jar;C:\Users\JRA309\.m2\repository\io\netty\netty-handler\4.1.59.Final\netty-handler-4.1.59.Final.jar;C:\Users\JRA309\.m2\repository\io\netty\netty-codec-http2\4.1.59.Final\netty-codec-http2-4.1.59.Final.jar;C:\Users\JRA309\.m2\repository\io\netty\netty-resolver-dns\4.1.59.Final\netty-resolver-dns-4.1.59.Final.jar;C:\Users\JRA309\.m2\repository\io\netty\netty-resolver\4.1.59.Final\netty-resolver-4.1.59.Final.jar;C:\Users\JRA309\.m2\repository\io\netty\netty-codec-dns\4.1.59.Final\netty-codec-dns-4.1.59.Final.jar;C:\Users\JRA309\.m2\repository\io\netty\netty-resolver-dns-native-macos\4.1.59.Final\netty-resolver-dns-native-macos-4.1.59.Final-osx-x86_64.jar;C:\Users\JRA309\.m2\repository\io\netty\netty-transport-native-unix-common\4.1.59.Final\netty-transport-native-unix-common-4.1.59.Final.jar;C:\Users\JRA309\.m2\repository\io\netty\netty-transport-native-epoll\4.1.59.Final\netty-transport-native-epoll-4.1.59.Final-linux-x86_64.jar;C:\Users\JRA309\.m2\repository\io\projectreactor\netty\reactor-netty-core\1.0.4\reactor-netty-core-1.0.4.jar;C:\Users\JRA309\.m2\repository\io\netty\netty-handler-proxy\4.1.59.Final\netty-handler-proxy-4.1.59.Final.jar;C:\Users\JRA309\.m2\repository\io\netty\netty-codec-socks\4.1.59.Final\netty-codec-socks-4.1.59.Final.jar;C:\Users\JRA309\.m2\repository\org\springframework\spring-web\5.3.4\spring-web-5.3.4.jar;C:\Users\JRA309\.m2\repository\org\springframework\spring-beans\5.3.4\spring-beans-5.3.4.jar;C:\Users\JRA309\.m2\repository\org\springframework\spring-webflux\5.3.4\spring-webflux-5.3.4.jar;C:\Users\JRA309\.m2\repository\org\mapstruct\mapstruct\1.4.1.Final\mapstruct-1.4.1.Final.jar;C:\Users\JRA309\.m2\repository\org\springframework\boot\spring-boot-starter-log4j2\2.4.3\spring-boot-starter-log4j2-2.4.3.jar;C:\Users\JRA309\.m2\repository\org\apache\logging\log4j\log4j-slf4j-impl\2.13.3\log4j-slf4j-impl-2.13.3.jar;C:\Users\JRA309\.m2\repository\org\apache\logging\log4j\log4j-core\2.13.3\log4j-core-2.13.3.jar;C:\Users\JRA309\.m2\repository\org\apache\logging\log4j\log4j-jul\2.13.3\log4j-jul-2.13.3.jar;C:\Users\JRA309\.m2\repository\org\slf4j\jul-to-slf4j\1.7.30\jul-to-slf4j-1.7.30.jar;C:\Users\JRA309\.m2\repository\org\mapstruct\mapstruct-processor\1.4.1.Final\mapstruct-processor-1.4.1.Final.jar;C:\Users\JRA309\.m2\repository\org\springframework\boot\spring-boot-starter-validation\2.4.3\spring-boot-starter-validation-2.4.3.jar;C:\Users\JRA309\.m2\repository\org\glassfish\jakarta.el\3.0.3\jakarta.el-3.0.3.jar;C:\Users\JRA309\.m2\repository\org\hibernate\validator\hibernate-validator\6.1.7.Final\hibernate-validator-6.1.7.Final.jar;C:\Users\JRA309\.m2\repository\jakarta\validation\jakarta.validation-api\2.0.2\jakarta.validation-api-2.0.2.jar;C:\Users\JRA309\.m2\repository\org\jboss\logging\jboss-logging\3.4.1.Final\jboss-logging-3.4.1.Final.jar;C:\Users\JRA309\.m2\repository\org\springframework\boot\spring-boot-starter-actuator\2.4.3\spring-boot-starter-actuator-2.4.3.jar;C:\Users\JRA309\.m2\repository\org\springframework\boot\spring-boot-actuator-autoconfigure\2.4.3\spring-boot-actuator-autoconfigure-2.4.3.jar;C:\Users\JRA309\.m2\repository\org\springframework\boot\spring-boot-actuator\2.4.3\spring-boot-actuator-2.4.3.jar;C:\Users\JRA309\.m2\repository\io\micrometer\micrometer-core\1.6.4\micrometer-core-1.6.4.jar;C:\Users\JRA309\.m2\repository\org\hdrhistogram\HdrHistogram\2.1.12\HdrHistogram-2.1.12.jar;C:\Users\JRA309\.m2\repository\org\latencyutils\LatencyUtils\2.0.3\LatencyUtils-2.0.3.jar;C:\Users\JRA309\.m2\repository\io\projectreactor\reactor-test\3.4.3\reactor-test-3.4.3.jar;C:\Users\JRA309\.m2\repository\io\projectreactor\reactor-core\3.4.3\reactor-core-3.4.3.jar;C:\Users\JRA309\.m2\repository\org\reactivestreams\reactive-streams\1.0.3\reactive-streams-1.0.3.jar;C:\Users\JRA309\.m2\repository\org\projectlombok\lombok\1.18.16\lombok-1.18.16.jar;C:\Users\JRA309\.m2\repository\org\springframework\boot\spring-boot-starter-test\2.4.3\spring-boot-starter-test-2.4.3.jar;C:\Users\JRA309\.m2\repository\org\springframework\boot\spring-boot-test\2.4.3\spring-boot-test-2.4.3.jar;C:\Users\JRA309\.m2\repository\org\springframework\boot\spring-boot-test-autoconfigure\2.4.3\spring-boot-test-autoconfigure-2.4.3.jar;C:\Users\JRA309\.m2\repository\com\jayway\jsonpath\json-path\2.4.0\json-path-2.4.0.jar;C:\Users\JRA309\.m2\repository\net\minidev\json-smart\2.3\json-smart-2.3.jar;C:\Users\JRA309\.m2\repository\net\minidev\accessors-smart\1.2\accessors-smart-1.2.jar;C:\Users\JRA309\.m2\repository\org\ow2\asm\asm\5.0.4\asm-5.0.4.jar;C:\Users\JRA309\.m2\repository\jakarta\xml\bind\jakarta.xml.bind-api\2.3.3\jakarta.xml.bind-api-2.3.3.jar;C:\Users\JRA309\.m2\repository\jakarta\activation\jakarta.activation-api\1.2.2\jakarta.activation-api-1.2.2.jar;C:\Users\JRA309\.m2\repository\org\assertj\assertj-core\3.18.1\assertj-core-3.18.1.jar;C:\Users\JRA309\.m2\repository\org\hamcrest\hamcrest\2.2\hamcrest-2.2.jar;C:\Users\JRA309\.m2\repository\org\junit\jupiter\junit-jupiter\5.7.1\junit-jupiter-5.7.1.jar;C:\Users\JRA309\.m2\repository\org\junit\jupiter\junit-jupiter-params\5.7.1\junit-jupiter-params-5.7.1.jar;C:\Users\JRA309\.m2\repository\org\mockito\mockito-core\3.6.28\mockito-core-3.6.28.jar;C:\Users\JRA309\.m2\repository\net\bytebuddy\byte-buddy\1.10.20\byte-buddy-1.10.20.jar;C:\Users\JRA309\.m2\repository\net\bytebuddy\byte-buddy-agent\1.10.20\byte-buddy-agent-1.10.20.jar;C:\Users\JRA309\.m2\repository\org\objenesis\objenesis\3.1\objenesis-3.1.jar;C:\Users\JRA309\.m2\repository\org\mockito\mockito-junit-jupiter\3.6.28\mockito-junit-jupiter-3.6.28.jar;C:\Users\JRA309\.m2\repository\org\skyscreamer\jsonassert\1.5.0\jsonassert-1.5.0.jar;C:\Users\JRA309\.m2\repository\com\vaadin\external\google\android-json\0.0.20131108.vaadin1\android-json-0.0.20131108.vaadin1.jar;C:\Users\JRA309\.m2\repository\org\springframework\spring-core\5.3.4\spring-core-5.3.4.jar;C:\Users\JRA309\.m2\repository\org\springframework\spring-jcl\5.3.4\spring-jcl-5.3.4.jar;C:\Users\JRA309\.m2\repository\org\springframework\spring-test\5.3.4\spring-test-5.3.4.jar;C:\Users\JRA309\.m2\repository\org\xmlunit\xmlunit-core\2.7.0\xmlunit-core-2.7.0.jar;C:\Users\JRA309\.m2\repository\org\junit\jupiter\junit-jupiter-engine\5.7.1\junit-jupiter-engine-5.7.1.jar;C:\Users\JRA309\.m2\repository\org\apiguardian\apiguardian-api\1.1.0\apiguardian-api-1.1.0.jar;C:\Users\JRA309\.m2\repository\org\junit\platform\junit-platform-engine\1.7.1\junit-platform-engine-1.7.1.jar;C:\Users\JRA309\.m2\repository\org\junit\jupiter\junit-jupiter-api\5.7.1\junit-jupiter-api-5.7.1.jar;C:\Users\JRA309\.m2\repository\org\opentest4j\opentest4j\1.2.0\opentest4j-1.2.0.jar;C:\Users\JRA309\.m2\repository\org\junit\platform\junit-platform-commons\1.7.1\junit-platform-commons-1.7.1.jar;C:\Users\JRA309\.m2\repository\org\springframework\restdocs\spring-restdocs-mockmvc\2.0.5.RELEASE\spring-restdocs-mockmvc-2.0.5.RELEASE.jar;C:\Users\JRA309\.m2\repository\javax\servlet\javax.servlet-api\4.0.1\javax.servlet-api-4.0.1.jar;C:\Users\JRA309\.m2\repository\org\springframework\restdocs\spring-restdocs-core\2.0.5.RELEASE\spring-restdocs-core-2.0.5.RELEASE.jar;C:\Users\JRA309\.m2\repository\org\springframework\spring-webmvc\5.3.4\spring-webmvc-5.3.4.jar;C:\Users\JRA309\.m2\repository\org\springframework\spring-aop\5.3.4\spring-aop-5.3.4.jar;C:\Users\JRA309\.m2\repository\org\springframework\spring-expression\5.3.4\spring-expression-5.3.4.jar;C:\Users\JRA309\.m2\repository\com\fasterxml\jackson\core\jackson-core\2.12.1\jackson-core-2.12.1.jar;C:\Users\JRA309\.m2\repository\com\fasterxml\jackson\core\jackson-databind\2.12.1\jackson-databind-2.12.1.jar;C:\Users\JRA309\.m2\repository\com\fasterxml\jackson\core\jackson-annotations\2.12.1\jackson-annotations-2.12.1.jar;C:\Users\JRA309\.m2\repository\commons-io\commons-io\2.5\commons-io-2.5.jar;C:\Users\JRA309\.m2\repository\io\micrometer\micrometer-registry-prometheus\1.6.4\micrometer-registry-prometheus-1.6.4.jar;C:\Users\JRA309\.m2\repository\io\prometheus\simpleclient_common\0.9.0\simpleclient_common-0.9.0.jar;C:\Users\JRA309\.m2\repository\io\prometheus\simpleclient\0.9.0\simpleclient-0.9.0.jar;C:\Users\JRA309\.m2\repository\io\springfox\springfox-boot-starter\3.0.0\springfox-boot-starter-3.0.0.jar;C:\Users\JRA309\.m2\repository\io\springfox\springfox-oas\3.0.0\springfox-oas-3.0.0.jar;C:\Users\JRA309\.m2\repository\io\swagger\core\v3\swagger-annotations\2.1.2\swagger-annotations-2.1.2.jar;C:\Users\JRA309\.m2\repository\io\swagger\core\v3\swagger-models\2.1.2\swagger-models-2.1.2.jar;C:\Users\JRA309\.m2\repository\io\springfox\springfox-spi\3.0.0\springfox-spi-3.0.0.jar;C:\Users\JRA309\.m2\repository\io\springfox\springfox-schema\3.0.0\springfox-schema-3.0.0.jar;C:\Users\JRA309\.m2\repository\io\springfox\springfox-core\3.0.0\springfox-core-3.0.0.jar;C:\Users\JRA309\.m2\repository\io\springfox\springfox-spring-web\3.0.0\springfox-spring-web-3.0.0.jar;C:\Users\JRA309\.m2\repository\io\github\classgraph\classgraph\4.8.83\classgraph-4.8.83.jar;C:\Users\JRA309\.m2\repository\io\springfox\springfox-spring-webflux\3.0.0\springfox-spring-webflux-3.0.0.jar;C:\Users\JRA309\.m2\repository\io\springfox\springfox-swagger-common\3.0.0\springfox-swagger-common-3.0.0.jar;C:\Users\JRA309\.m2\repository\io\springfox\springfox-data-rest\3.0.0\springfox-data-rest-3.0.0.jar;C:\Users\JRA309\.m2\repository\io\springfox\springfox-bean-validators\3.0.0\springfox-bean-validators-3.0.0.jar;C:\Users\JRA309\.m2\repository\io\springfox\springfox-swagger2\3.0.0\springfox-swagger2-3.0.0.jar;C:\Users\JRA309\.m2\repository\io\swagger\swagger-annotations\1.5.20\swagger-annotations-1.5.20.jar;C:\Users\JRA309\.m2\repository\io\swagger\swagger-models\1.5.20\swagger-models-1.5.20.jar;C:\Users\JRA309\.m2\repository\com\fasterxml\classmate\1.5.1\classmate-1.5.1.jar;C:\Users\JRA309\.m2\repository\org\slf4j\slf4j-api\1.7.30\slf4j-api-1.7.30.jar;C:\Users\JRA309\.m2\repository\org\springframework\plugin\spring-plugin-core\2.0.0.RELEASE\spring-plugin-core-2.0.0.RELEASE.jar;C:\Users\JRA309\.m2\repository\org\springframework\plugin\spring-plugin-metadata\2.0.0.RELEASE\spring-plugin-metadata-2.0.0.RELEASE.jar;C:\Users\JRA309\.m2\repository\io\springfox\springfox-swagger-ui\3.0.0\springfox-swagger-ui-3.0.0.jar;C:\Users\JRA309\.m2\repository\io\springfox\springfox-spring-webmvc\3.0.0\springfox-spring-webmvc-3.0.0.jar;C:\Users\JRA309\.m2\repository\net\apmoller\athena\util\athena-authtoken-validator\1.0.2\athena-authtoken-validator-1.0.2.jar;C:\Users\JRA309\.m2\repository\com\auth0\jwks-rsa\0.11.0\jwks-rsa-0.11.0.jar;C:\Users\JRA309\.m2\repository\commons-codec\commons-codec\1.15\commons-codec-1.15.jar;C:\Users\JRA309\.m2\repository\com\google\guava\guava\27.1-jre\guava-27.1-jre.jar;C:\Users\JRA309\.m2\repository\com\google\guava\failureaccess\1.0.1\failureaccess-1.0.1.jar;C:\Users\JRA309\.m2\repository\com\google\guava\listenablefuture\9999.0-empty-to-avoid-conflict-with-guava\listenablefuture-9999.0-empty-to-avoid-conflict-with-guava.jar;C:\Users\JRA309\.m2\repository\com\google\code\findbugs\jsr305\3.0.2\jsr305-3.0.2.jar;C:\Users\JRA309\.m2\repository\org\checkerframework\checker-qual\2.5.2\checker-qual-2.5.2.jar;C:\Users\JRA309\.m2\repository\com\google\errorprone\error_prone_annotations\2.2.0\error_prone_annotations-2.2.0.jar;C:\Users\JRA309\.m2\repository\com\google\j2objc\j2objc-annotations\1.1\j2objc-annotations-1.1.jar;C:\Users\JRA309\.m2\repository\org\codehaus\mojo\animal-sniffer-annotations\1.17\animal-sniffer-annotations-1.17.jar;C:\Users\JRA309\.m2\repository\com\auth0\java-jwt\3.9.0\java-jwt-3.9.0.jar;C:\Users\JRA309\.m2\repository\org\springframework\spring-context\5.3.4\spring-context-5.3.4.jar;C:\Users\JRA309\.m2\repository\org\apache\logging\log4j\log4j-api\2.13.3\log4j-api-2.13.3.jar;"/>
    <property name="sun.cpu.endian" value="little"/>
    <property name="user.home" value="C:\Users\JRA309"/>
    <property name="user.language" value="en"/>
    <property name="java.specification.vendor" value="Oracle Corporation"/>
    <property name="java.version.date" value="2021-07-20"/>
    <property name="java.home" value="C:\Program Files\Java\jdk-11.0.12"/>
    <property name="file.separator" value="\"/>
    <property name="basedir" value="C:\Users\JRA309\IdeaProjects\ComparatorDashboard"/>
    <property name="java.vm.compressedOopsMode" value="Zero based"/>
    <property name="line.separator" value="&#10;"/>
    <property name="java.specification.name" value="Java Platform API Specification"/>
    <property name="java.vm.specification.vendor" value="Oracle Corporation"/>
    <property name="java.awt.graphicsenv" value="sun.awt.Win32GraphicsEnvironment"/>
    <property name="surefire.real.class.path" value="C:\Users\JRA309\AppData\Local\Temp\surefire3173436000449801559\surefirebooter2406100692903103509.jar"/>
    <property name="user.script" value=""/>
    <property name="sun.management.compiler" value="HotSpot 64-Bit Tiered Compilers"/>
    <property name="java.runtime.version" value="11.0.12+8-LTS-237"/>
    <property name="user.name" value="JRA309"/>
    <property name="path.separator" value=";"/>
    <property name="os.version" value="10.0"/>
    <property name="java.runtime.name" value="Java(TM) SE Runtime Environment"/>
    <property name="file.encoding" value="Cp1252"/>
    <property name="java.vm.name" value="Java HotSpot(TM) 64-Bit Server VM"/>
    <property name="java.vendor.version" value="18.9"/>
    <property name="localRepository" value="C:\Users\JRA309\.m2\repository"/>
    <property name="java.vendor.url.bug" value="https://bugreport.java.com/bugreport/"/>
    <property name="java.io.tmpdir" value="C:\Users\JRA309\AppData\Local\Temp\"/>
    <property name="idea.version" value="2018.3.4"/>
    <property name="java.version" value="11.0.12"/>
    <property name="user.dir" value="C:\Users\JRA309\IdeaProjects\ComparatorDashboard"/>
    <property name="os.arch" value="amd64"/>
    <property name="java.vm.specification.name" value="Java Virtual Machine Specification"/>
    <property name="java.awt.printerjob" value="sun.awt.windows.WPrinterJob"/>
    <property name="sun.os.patch.level" value=""/>
    <property name="java.library.path" value="C:\Program Files\Java\jdk-11.0.12\bin;C:\WINDOWS\Sun\Java\bin;C:\WINDOWS\system32;C:\WINDOWS;C:\Program Files\Common Files\Oracle\Java\javapath;C:\WINDOWS\system32;C:\WINDOWS;C:\WINDOWS\System32\Wbem;C:\WINDOWS\System32\WindowsPowerShell\v1.0\;C:\WINDOWS\System32\OpenSSH\;C:\Program Files\Git\cmd;C:\Program Files\Java\jdk-11.0.12\bin;C:\Program Files\apache-maven-3.8.2\bin;C:\Program Files\Java\jdk-16.0.2\bin;C:\Program Files\redis\Redis-x64-3.2.100;C:\Program Files\Redis\;C:\Users\JRA309\AppData\Local\Microsoft\WindowsApps;;."/>
    <property name="java.vendor" value="Oracle Corporation"/>
    <property name="java.vm.info" value="mixed mode"/>
    <property name="java.vm.version" value="11.0.12+8-LTS-237"/>
    <property name="sun.io.unicode.encoding" value="UnicodeLittle"/>
    <property name="java.class.version" value="55.0"/>
  </properties>
  <testcase name="createContractRateTest" classname="net.apmoller.athena.microservices.ComparatorDashboard.services.ComparatorDashboardServiceTest" time="0">
    <error message="Failed to load ApplicationContext" type="java.lang.IllegalStateException">java.lang.IllegalStateException: Failed to load ApplicationContext
Caused by: org.springframework.boot.context.properties.bind.BindException: Failed to bind properties under 'logging.level.net.apmoller.athena.microservices.contractrates' to org.springframework.boot.logging.LogLevel
Caused by: org.springframework.core.convert.ConversionFailedException: Failed to convert from type [java.lang.String] to type [org.springframework.boot.logging.LogLevel] for value '${logLevel}'; nested exception is java.lang.IllegalArgumentException: No enum constant org.springframework.boot.logging.LogLevel.${logLevel}
Caused by: java.lang.IllegalArgumentException: No enum constant org.springframework.boot.logging.LogLevel.${logLevel}
</error>
    <system-out><![CDATA[{"instant":{"epochSecond":1631711813,"nanoOfSecond":48019000},"thread":"main","level":"INFO","loggerName":"org.springframework.boot.test.context.SpringBootTestContextBootstrapper","message":"Neither @ContextConfiguration nor @ContextHierarchy found for test class [net.apmoller.athena.microservices.ComparatorDashboard.services.ComparatorDashboardServiceTest], using SpringBootContextLoader","endOfBatch":false,"loggerFqcn":"org.apache.commons.logging.LogAdapter$Log4jLog","contextMap":{},"threadId":1,"threadPriority":5}
{"instant":{"epochSecond":1631711813,"nanoOfSecond":50142200},"thread":"main","level":"INFO","loggerName":"org.springframework.test.context.support.AbstractContextLoader","message":"Could not detect default resource locations for test class [net.apmoller.athena.microservices.ComparatorDashboard.services.ComparatorDashboardServiceTest]: no resource found for suffixes {-context.xml, Context.groovy}.","endOfBatch":false,"loggerFqcn":"org.apache.commons.logging.LogAdapter$Log4jLog","contextMap":{},"threadId":1,"threadPriority":5}
{"instant":{"epochSecond":1631711813,"nanoOfSecond":51209600},"thread":"main","level":"INFO","loggerName":"org.springframework.test.context.support.AnnotationConfigContextLoaderUtils","message":"Could not detect default configuration classes for test class [net.apmoller.athena.microservices.ComparatorDashboard.services.ComparatorDashboardServiceTest]: ComparatorDashboardServiceTest does not declare any static, non-private, non-final, nested classes annotated with @Configuration.","endOfBatch":false,"loggerFqcn":"org.apache.commons.logging.LogAdapter$Log4jLog","contextMap":{},"threadId":1,"threadPriority":5}
{"instant":{"epochSecond":1631711813,"nanoOfSecond":70974600},"thread":"main","level":"INFO","loggerName":"org.springframework.boot.test.context.SpringBootTestContextBootstrapper","message":"Found @SpringBootConfiguration net.apmoller.athena.microservices.ComparatorDashboard.ComparatorDashboardApplication for test class net.apmoller.athena.microservices.ComparatorDashboard.services.ComparatorDashboardServiceTest","endOfBatch":false,"loggerFqcn":"org.apache.commons.logging.LogAdapter$Log4jLog","contextMap":{},"threadId":1,"threadPriority":5}
{"instant":{"epochSecond":1631711813,"nanoOfSecond":78373200},"thread":"main","level":"INFO","loggerName":"org.springframework.boot.test.context.SpringBootTestContextBootstrapper","message":"Loaded default TestExecutionListener class names from location [META-INF/spring.factories]: [org.springframework.boot.test.mock.mockito.MockitoTestExecutionListener, org.springframework.boot.test.mock.mockito.ResetMocksTestExecutionListener, org.springframework.boot.test.autoconfigure.restdocs.RestDocsTestExecutionListener, org.springframework.boot.test.autoconfigure.web.client.MockRestServiceServerResetTestExecutionListener, org.springframework.boot.test.autoconfigure.web.servlet.MockMvcPrintOnlyOnFailureTestExecutionListener, org.springframework.boot.test.autoconfigure.web.servlet.WebDriverTestExecutionListener, org.springframework.boot.test.autoconfigure.webservices.client.MockWebServiceServerTestExecutionListener, org.springframework.test.context.web.ServletTestExecutionListener, org.springframework.test.context.support.DirtiesContextBeforeModesTestExecutionListener, org.springframework.test.context.event.ApplicationEventsTestExecutionListener, org.springframework.test.context.support.DependencyInjectionTestExecutionListener, org.springframework.test.context.support.DirtiesContextTestExecutionListener, org.springframework.test.context.transaction.TransactionalTestExecutionListener, org.springframework.test.context.jdbc.SqlScriptsTestExecutionListener, org.springframework.test.context.event.EventPublishingTestExecutionListener]","endOfBatch":false,"loggerFqcn":"org.apache.commons.logging.LogAdapter$Log4jLog","contextMap":{},"threadId":1,"threadPriority":5}
{"instant":{"epochSecond":1631711813,"nanoOfSecond":80481600},"thread":"main","level":"INFO","loggerName":"org.springframework.boot.test.context.SpringBootTestContextBootstrapper","message":"Using TestExecutionListeners: [org.springframework.test.context.web.ServletTestExecutionListener@124e5ce1, org.springframework.test.context.support.DirtiesContextBeforeModesTestExecutionListener@4184d960, org.springframework.test.context.event.ApplicationEventsTestExecutionListener@187a5b38, org.springframework.boot.test.mock.mockito.MockitoTestExecutionListener@225bc6d6, org.springframework.boot.test.autoconfigure.SpringBootDependencyInjectionTestExecutionListener@42122f28, org.springframework.test.context.support.DirtiesContextTestExecutionListener@253ab1d3, org.springframework.test.context.event.EventPublishingTestExecutionListener@6f538dd7, org.springframework.boot.test.mock.mockito.ResetMocksTestExecutionListener@13428b9d, org.springframework.boot.test.autoconfigure.restdocs.RestDocsTestExecutionListener@40fa9db2, org.springframework.boot.test.autoconfigure.web.client.MockRestServiceServerResetTestExecutionListener@30be0857, org.springframework.boot.test.autoconfigure.web.servlet.MockMvcPrintOnlyOnFailureTestExecutionListener@43f016a2, org.springframework.boot.test.autoconfigure.web.servlet.WebDriverTestExecutionListener@44697322, org.springframework.boot.test.autoconfigure.webservices.client.MockWebServiceServerTestExecutionListener@50ea6110]","endOfBatch":false,"loggerFqcn":"org.apache.commons.logging.LogAdapter$Log4jLog","contextMap":{},"threadId":1,"threadPriority":5}
{"instant":{"epochSecond":1631711813,"nanoOfSecond":219961500},"thread":"main","level":"ERROR","loggerName":"org.springframework.boot.diagnostics.LoggingFailureAnalysisReporter","message":"\r\n\r\n***************************\r\nAPPLICATION FAILED TO START\r\n***************************\r\n\r\nDescription:\r\n\r\nFailed to bind properties under 'logging.level.net.apmoller.athena.microservices.contractrates' to org.springframework.boot.logging.LogLevel:\r\n\r\n    Property: logging.level.net.apmoller.athena.microservices.contractrates\r\n    Value: ${logLevel}\r\n    Origin: class path resource [application.yml] - 32:28\r\n    Reason: failed to convert java.lang.String to org.springframework.boot.logging.LogLevel\r\n\r\nAction:\r\n\r\nUpdate your application's configuration. The following values are valid:\r\n\r\n    DEBUG\r\n    ERROR\r\n    FATAL\r\n    INFO\r\n    OFF\r\n    TRACE\r\n    WARN\r\n","endOfBatch":false,"loggerFqcn":"org.apache.commons.logging.LogAdapter$Log4jLog","contextMap":{},"threadId":1,"threadPriority":5}
{"instant":{"epochSecond":1631711813,"nanoOfSecond":232517700},"thread":"main","level":"ERROR","loggerName":"org.springframework.test.context.TestContextManager","message":"Caught exception while allowing TestExecutionListener [org.springframework.test.context.web.ServletTestExecutionListener@124e5ce1] to prepare test instance [net.apmoller.athena.microservices.ComparatorDashboard.services.ComparatorDashboardServiceTest@106960fe]","thrown":{"commonElementCount":0,"localizedMessage":"Failed to load ApplicationContext","message":"Failed to load ApplicationContext","name":"java.lang.IllegalStateException","cause":{"commonElementCount":67,"localizedMessage":"Failed to bind properties under 'logging.level.net.apmoller.athena.microservices.contractrates' to org.springframework.boot.logging.LogLevel","message":"Failed to bind properties under 'logging.level.net.apmoller.athena.microservices.contractrates' to org.springframework.boot.logging.LogLevel","name":"org.springframework.boot.context.properties.bind.BindException","cause":{"commonElementCount":67,"localizedMessage":"Failed to convert from type [java.lang.String] to type [org.springframework.boot.logging.LogLevel] for value '${logLevel}'; nested exception is java.lang.IllegalArgumentException: No enum constant org.springframework.boot.logging.LogLevel.${logLevel}","message":"Failed to convert from type [java.lang.String] to type [org.springframework.boot.logging.LogLevel] for value '${logLevel}'; nested exception is java.lang.IllegalArgumentException: No enum constant org.springframework.boot.logging.LogLevel.${logLevel}","name":"org.springframework.core.convert.ConversionFailedException","cause":{"commonElementCount":67,"localizedMessage":"No enum constant org.springframework.boot.logging.LogLevel.${logLevel}","message":"No enum constant org.springframework.boot.logging.LogLevel.${logLevel}","name":"java.lang.IllegalArgumentException","extendedStackTrace":[{"class":"org.springframework.boot.convert.LenientObjectToEnumConverterFactory$LenientToEnumConverter","method":"findEnum","file":"LenientObjectToEnumConverterFactory.java","line":93,"exact":false,"location":"spring-boot-2.4.3.jar","version":"2.4.3"},{"class":"org.springframework.boot.convert.LenientObjectToEnumConverterFactory$LenientToEnumConverter","method":"convert","file":"LenientObjectToEnumConverterFactory.java","line":80,"exact":false,"location":"spring-boot-2.4.3.jar","version":"2.4.3"},{"class":"org.springframework.boot.convert.LenientObjectToEnumConverterFactory$LenientToEnumConverter","method":"convert","file":"LenientObjectToEnumConverterFactory.java","line":61,"exact":false,"location":"spring-boot-2.4.3.jar","version":"2.4.3"},{"class":"org.springframework.core.convert.support.GenericConversionService$ConverterFactoryAdapter","method":"convert","file":"GenericConversionService.java","line":437,"exact":false,"location":"spring-core-5.3.4.jar","version":"5.3.4"},{"class":"org.springframework.core.convert.support.ConversionUtils","method":"invokeConverter","file":"ConversionUtils.java","line":41,"exact":false,"location":"spring-core-5.3.4.jar","version":"5.3.4"},{"class":"org.springframework.core.convert.support.GenericConversionService","method":"convert","file":"GenericConversionService.java","line":192,"exact":false,"location":"spring-core-5.3.4.jar","version":"5.3.4"},{"class":"org.springframework.boot.context.properties.bind.BindConverter$CompositeConversionService","method":"convert","file":"BindConverter.java","line":170,"exact":false,"location":"spring-boot-2.4.3.jar","version":"2.4.3"},{"class":"org.springframework.boot.context.properties.bind.BindConverter","method":"convert","file":"BindConverter.java","line":96,"exact":false,"location":"spring-boot-2.4.3.jar","version":"2.4.3"},{"class":"org.springframework.boot.context.properties.bind.BindConverter","method":"convert","file":"BindConverter.java","line":88,"exact":false,"location":"spring-boot-2.4.3.jar","version":"2.4.3"},{"class":"org.springframework.boot.context.properties.bind.Binder","method":"bindProperty","file":"Binder.java","line":434,"exact":false,"location":"spring-boot-2.4.3.jar","version":"2.4.3"},{"class":"org.springframework.boot.context.properties.bind.Binder","method":"bindObject","file":"Binder.java","line":379,"exact":false,"location":"spring-boot-2.4.3.jar","version":"2.4.3"},{"class":"org.springframework.boot.context.properties.bind.Binder","method":"bind","file":"Binder.java","line":319,"exact":false,"location":"spring-boot-2.4.3.jar","version":"2.4.3"},{"class":"org.springframework.boot.context.properties.bind.Binder","method":"lambda$null$1","file":"Binder.java","line":411,"exact":false,"location":"spring-boot-2.4.3.jar","version":"2.4.3"},{"class":"org.springframework.boot.context.properties.bind.Binder$Context","method":"withSource","file":"Binder.java","line":542,"exact":false,"location":"spring-boot-2.4.3.jar","version":"2.4.3"},{"class":"org.springframework.boot.context.properties.bind.Binder$Context","method":"access$800","file":"Binder.java","line":512,"exact":false,"location":"spring-boot-2.4.3.jar","version":"2.4.3"},{"class":"org.springframework.boot.context.properties.bind.Binder","method":"lambda$bindAggregate$2","file":"Binder.java","line":412,"exact":false,"location":"spring-boot-2.4.3.jar","version":"2.4.3"},{"class":"org.springframework.boot.context.properties.bind.AggregateElementBinder","method":"bind","file":"AggregateElementBinder.java","line":39,"exact":false,"location":"spring-boot-2.4.3.jar","version":"2.4.3"},{"class":"org.springframework.boot.context.properties.bind.MapBinder$EntryBinder","method":"lambda$bindEntries$0","file":"MapBinder.java","line":157,"exact":false,"location":"spring-boot-2.4.3.jar","version":"2.4.3"},{"class":"java.util.HashMap","method":"computeIfAbsent","file":"HashMap.java","line":1133,"exact":false,"location":"?","version":"?"},{"class":"org.springframework.boot.context.properties.bind.MapBinder$EntryBinder","method":"bindEntries","file":"MapBinder.java","line":157,"exact":false,"location":"spring-boot-2.4.3.jar","version":"2.4.3"},{"class":"org.springframework.boot.context.properties.bind.MapBinder","method":"bindAggregate","file":"MapBinder.java","line":68,"exact":false,"location":"spring-boot-2.4.3.jar","version":"2.4.3"},{"class":"org.springframework.boot.context.properties.bind.AggregateBinder","method":"bind","file":"AggregateBinder.java","line":56,"exact":false,"location":"spring-boot-2.4.3.jar","version":"2.4.3"},{"class":"org.springframework.boot.context.properties.bind.Binder","method":"lambda$bindAggregate$3","file":"Binder.java","line":414,"exact":false,"location":"spring-boot-2.4.3.jar","version":"2.4.3"},{"class":"org.springframework.boot.context.properties.bind.Binder$Context","method":"withIncreasedDepth","file":"Binder.java","line":571,"exact":false,"location":"spring-boot-2.4.3.jar","version":"2.4.3"},{"class":"org.springframework.boot.context.properties.bind.Binder$Context","method":"access$100","file":"Binder.java","line":512,"exact":false,"location":"spring-boot-2.4.3.jar","version":"2.4.3"},{"class":"org.springframework.boot.context.properties.bind.Binder","method":"bindAggregate","file":"Binder.java","line":414,"exact":false,"location":"spring-boot-2.4.3.jar","version":"2.4.3"},{"class":"org.springframework.boot.context.properties.bind.Binder","method":"bindObject","file":"Binder.java","line":375,"exact":false,"location":"spring-boot-2.4.3.jar","version":"2.4.3"},{"class":"org.springframework.boot.context.properties.bind.Binder","method":"bind","file":"Binder.java","line":319,"exact":false,"location":"spring-boot-2.4.3.jar","version":"2.4.3"},{"class":"org.springframework.boot.context.properties.bind.Binder","method":"bind","file":"Binder.java","line":308,"exact":false,"location":"spring-boot-2.4.3.jar","version":"2.4.3"},{"class":"org.springframework.boot.context.properties.bind.Binder","method":"bind","file":"Binder.java","line":238,"exact":false,"location":"spring-boot-2.4.3.jar","version":"2.4.3"},{"class":"org.springframework.boot.context.properties.bind.Binder","method":"bind","file":"Binder.java","line":212,"exact":false,"location":"spring-boot-2.4.3.jar","version":"2.4.3"},{"class":"org.springframework.boot.context.logging.LoggingApplicationListener","method":"setLogLevels","file":"LoggingApplicationListener.java","line":373,"exact":false,"location":"spring-boot-2.4.3.jar","version":"2.4.3"},{"class":"org.springframework.boot.context.logging.LoggingApplicationListener","method":"initializeFinalLoggingLevels","file":"LoggingApplicationListener.java","line":340,"exact":false,"location":"spring-boot-2.4.3.jar","version":"2.4.3"},{"class":"org.springframework.boot.context.logging.LoggingApplicationListener","method":"initialize","file":"LoggingApplicationListener.java","line":282,"exact":false,"location":"spring-boot-2.4.3.jar","version":"2.4.3"},{"class":"org.springframework.boot.context.logging.LoggingApplicationListener","method":"onApplicationEnvironmentPreparedEvent","file":"LoggingApplicationListener.java","line":239,"exact":false,"location":"spring-boot-2.4.3.jar","version":"2.4.3"},{"class":"org.springframework.boot.context.logging.LoggingApplicationListener","method":"onApplicationEvent","file":"LoggingApplicationListener.java","line":216,"exact":false,"location":"spring-boot-2.4.3.jar","version":"2.4.3"},{"class":"org.springframework.context.event.SimpleApplicationEventMulticaster","method":"doInvokeListener","file":"SimpleApplicationEventMulticaster.java","line":176,"exact":false,"location":"spring-context-5.3.4.jar","version":"5.3.4"},{"class":"org.springframework.context.event.SimpleApplicationEventMulticaster","method":"invokeListener","file":"SimpleApplicationEventMulticaster.java","line":169,"exact":false,"location":"spring-context-5.3.4.jar","version":"5.3.4"},{"class":"org.springframework.context.event.SimpleApplicationEventMulticaster","method":"multicastEvent","file":"SimpleApplicationEventMulticaster.java","line":143,"exact":false,"location":"spring-context-5.3.4.jar","version":"5.3.4"},{"class":"org.springframework.context.event.SimpleApplicationEventMulticaster","method":"multicastEvent","file":"SimpleApplicationEventMulticaster.java","line":131,"exact":false,"location":"spring-context-5.3.4.jar","version":"5.3.4"},{"class":"org.springframework.boot.context.event.EventPublishingRunListener","method":"environmentPrepared","file":"EventPublishingRunListener.java","line":82,"exact":false,"location":"spring-boot-2.4.3.jar","version":"2.4.3"},{"class":"org.springframework.boot.SpringApplicationRunListeners","method":"lambda$environmentPrepared$2","file":"SpringApplicationRunListeners.java","line":63,"exact":false,"location":"spring-boot-2.4.3.jar","version":"2.4.3"},{"class":"java.util.ArrayList","method":"forEach","file":"ArrayList.java","line":1541,"exact":false,"location":"?","version":"?"},{"class":"org.springframework.boot.SpringApplicationRunListeners","method":"doWithListeners","file":"SpringApplicationRunListeners.java","line":117,"exact":false,"location":"spring-boot-2.4.3.jar","version":"2.4.3"},{"class":"org.springframework.boot.SpringApplicationRunListeners","method":"doWithListeners","file":"SpringApplicationRunListeners.java","line":111,"exact":false,"location":"spring-boot-2.4.3.jar","version":"2.4.3"},{"class":"org.springframework.boot.SpringApplicationRunListeners","method":"environmentPrepared","file":"SpringApplicationRunListeners.java","line":62,"exact":false,"location":"spring-boot-2.4.3.jar","version":"2.4.3"},{"class":"org.springframework.boot.SpringApplication","method":"prepareEnvironment","file":"SpringApplication.java","line":362,"exact":false,"location":"spring-boot-2.4.3.jar","version":"2.4.3"},{"class":"org.springframework.boot.SpringApplication","method":"run","file":"SpringApplication.java","line":320,"exact":false,"location":"spring-boot-2.4.3.jar","version":"2.4.3"},{"class":"org.springframework.boot.test.context.SpringBootContextLoader","method":"loadContext","file":"SpringBootContextLoader.java","line":123,"exact":false,"location":"spring-boot-test-2.4.3.jar","version":"2.4.3"},{"class":"org.springframework.test.context.cache.DefaultCacheAwareContextLoaderDelegate","method":"loadContextInternal","file":"DefaultCacheAwareContextLoaderDelegate.java","line":99,"exact":false,"location":"spring-test-5.3.4.jar","version":"5.3.4"},{"class":"org.springframework.test.context.cache.DefaultCacheAwareContextLoaderDelegate","method":"loadContext","file":"DefaultCacheAwareContextLoaderDelegate.java","line":124,"exact":false,"location":"spring-test-5.3.4.jar","version":"5.3.4"}]},"extendedStackTrace":[{"class":"org.springframework.core.convert.support.ConversionUtils","method":"invokeConverter","file":"ConversionUtils.java","line":47,"exact":false,"location":"spring-core-5.3.4.jar","version":"5.3.4"},{"class":"org.springframework.core.convert.support.GenericConversionService","method":"convert","file":"GenericConversionService.java","line":192,"exact":false,"location":"spring-core-5.3.4.jar","version":"5.3.4"},{"class":"org.springframework.boot.context.properties.bind.BindConverter$CompositeConversionService","method":"convert","file":"BindConverter.java","line":170,"exact":false,"location":"spring-boot-2.4.3.jar","version":"2.4.3"},{"class":"org.springframework.boot.context.properties.bind.BindConverter","method":"convert","file":"BindConverter.java","line":96,"exact":false,"location":"spring-boot-2.4.3.jar","version":"2.4.3"},{"class":"org.springframework.boot.context.properties.bind.BindConverter","method":"convert","file":"BindConverter.java","line":88,"exact":false,"location":"spring-boot-2.4.3.jar","version":"2.4.3"},{"class":"org.springframework.boot.context.properties.bind.Binder","method":"bindProperty","file":"Binder.java","line":434,"exact":false,"location":"spring-boot-2.4.3.jar","version":"2.4.3"},{"class":"org.springframework.boot.context.properties.bind.Binder","method":"bindObject","file":"Binder.java","line":379,"exact":false,"location":"spring-boot-2.4.3.jar","version":"2.4.3"},{"class":"org.springframework.boot.context.properties.bind.Binder","method":"bind","file":"Binder.java","line":319,"exact":false,"location":"spring-boot-2.4.3.jar","version":"2.4.3"},{"class":"org.springframework.boot.context.properties.bind.Binder","method":"lambda$null$1","file":"Binder.java","line":411,"exact":false,"location":"spring-boot-2.4.3.jar","version":"2.4.3"},{"class":"org.springframework.boot.context.properties.bind.Binder$Context","method":"withSource","file":"Binder.java","line":542,"exact":false,"location":"spring-boot-2.4.3.jar","version":"2.4.3"},{"class":"org.springframework.boot.context.properties.bind.Binder$Context","method":"access$800","file":"Binder.java","line":512,"exact":false,"location":"spring-boot-2.4.3.jar","version":"2.4.3"},{"class":"org.springframework.boot.context.properties.bind.Binder","method":"lambda$bindAggregate$2","file":"Binder.java","line":412,"exact":false,"location":"spring-boot-2.4.3.jar","version":"2.4.3"},{"class":"org.springframework.boot.context.properties.bind.AggregateElementBinder","method":"bind","file":"AggregateElementBinder.java","line":39,"exact":false,"location":"spring-boot-2.4.3.jar","version":"2.4.3"},{"class":"org.springframework.boot.context.properties.bind.MapBinder$EntryBinder","method":"lambda$bindEntries$0","file":"MapBinder.java","line":157,"exact":false,"location":"spring-boot-2.4.3.jar","version":"2.4.3"},{"class":"java.util.HashMap","method":"computeIfAbsent","file":"HashMap.java","line":1133,"exact":false,"location":"?","version":"?"},{"class":"org.springframework.boot.context.properties.bind.MapBinder$EntryBinder","method":"bindEntries","file":"MapBinder.java","line":157,"exact":false,"location":"spring-boot-2.4.3.jar","version":"2.4.3"},{"class":"org.springframework.boot.context.properties.bind.MapBinder","method":"bindAggregate","file":"MapBinder.java","line":68,"exact":false,"location":"spring-boot-2.4.3.jar","version":"2.4.3"},{"class":"org.springframework.boot.context.properties.bind.AggregateBinder","method":"bind","file":"AggregateBinder.java","line":56,"exact":false,"location":"spring-boot-2.4.3.jar","version":"2.4.3"},{"class":"org.springframework.boot.context.properties.bind.Binder","method":"lambda$bindAggregate$3","file":"Binder.java","line":414,"exact":false,"location":"spring-boot-2.4.3.jar","version":"2.4.3"},{"class":"org.springframework.boot.context.properties.bind.Binder$Context","method":"withIncreasedDepth","file":"Binder.java","line":571,"exact":false,"location":"spring-boot-2.4.3.jar","version":"2.4.3"},{"class":"org.springframework.boot.context.properties.bind.Binder$Context","method":"access$100","file":"Binder.java","line":512,"exact":false,"location":"spring-boot-2.4.3.jar","version":"2.4.3"},{"class":"org.springframework.boot.context.properties.bind.Binder","method":"bindAggregate","file":"Binder.java","line":414,"exact":false,"location":"spring-boot-2.4.3.jar","version":"2.4.3"},{"class":"org.springframework.boot.context.properties.bind.Binder","method":"bindObject","file":"Binder.java","line":375,"exact":false,"location":"spring-boot-2.4.3.jar","version":"2.4.3"},{"class":"org.springframework.boot.context.properties.bind.Binder","method":"bind","file":"Binder.java","line":319,"exact":false,"location":"spring-boot-2.4.3.jar","version":"2.4.3"},{"class":"org.springframework.boot.context.properties.bind.Binder","method":"bind","file":"Binder.java","line":308,"exact":false,"location":"spring-boot-2.4.3.jar","version":"2.4.3"},{"class":"org.springframework.boot.context.properties.bind.Binder","method":"bind","file":"Binder.java","line":238,"exact":false,"location":"spring-boot-2.4.3.jar","version":"2.4.3"},{"class":"org.springframework.boot.context.properties.bind.Binder","method":"bind","file":"Binder.java","line":212,"exact":false,"location":"spring-boot-2.4.3.jar","version":"2.4.3"},{"class":"org.springframework.boot.context.logging.LoggingApplicationListener","method":"setLogLevels","file":"LoggingApplicationListener.java","line":373,"exact":false,"location":"spring-boot-2.4.3.jar","version":"2.4.3"},{"class":"org.springframework.boot.context.logging.LoggingApplicationListener","method":"initializeFinalLoggingLevels","file":"LoggingApplicationListener.java","line":340,"exact":false,"location":"spring-boot-2.4.3.jar","version":"2.4.3"},{"class":"org.springframework.boot.context.logging.LoggingApplicationListener","method":"initialize","file":"LoggingApplicationListener.java","line":282,"exact":false,"location":"spring-boot-2.4.3.jar","version":"2.4.3"},{"class":"org.springframework.boot.context.logging.LoggingApplicationListener","method":"onApplicationEnvironmentPreparedEvent","file":"LoggingApplicationListener.java","line":239,"exact":false,"location":"spring-boot-2.4.3.jar","version":"2.4.3"},{"class":"org.springframework.boot.context.logging.LoggingApplicationListener","method":"onApplicationEvent","file":"LoggingApplicationListener.java","line":216,"exact":false,"location":"spring-boot-2.4.3.jar","version":"2.4.3"},{"class":"org.springframework.context.event.SimpleApplicationEventMulticaster","method":"doInvokeListener","file":"SimpleApplicationEventMulticaster.java","line":176,"exact":false,"location":"spring-context-5.3.4.jar","version":"5.3.4"},{"class":"org.springframework.context.event.SimpleApplicationEventMulticaster","method":"invokeListener","file":"SimpleApplicationEventMulticaster.java","line":169,"exact":false,"location":"spring-context-5.3.4.jar","version":"5.3.4"},{"class":"org.springframework.context.event.SimpleApplicationEventMulticaster","method":"multicastEvent","file":"SimpleApplicationEventMulticaster.java","line":143,"exact":false,"location":"spring-context-5.3.4.jar","version":"5.3.4"},{"class":"org.springframework.context.event.SimpleApplicationEventMulticaster","method":"multicastEvent","file":"SimpleApplicationEventMulticaster.java","line":131,"exact":false,"location":"spring-context-5.3.4.jar","version":"5.3.4"},{"class":"org.springframework.boot.context.event.EventPublishingRunListener","method":"environmentPrepared","file":"EventPublishingRunListener.java","line":82,"exact":false,"location":"spring-boot-2.4.3.jar","version":"2.4.3"},{"class":"org.springframework.boot.SpringApplicationRunListeners","method":"lambda$environmentPrepared$2","file":"SpringApplicationRunListeners.java","line":63,"exact":false,"location":"spring-boot-2.4.3.jar","version":"2.4.3"},{"class":"java.util.ArrayList","method":"forEach","file":"ArrayList.java","line":1541,"exact":false,"location":"?","version":"?"},{"class":"org.springframework.boot.SpringApplicationRunListeners","method":"doWithListeners","file":"SpringApplicationRunListeners.java","line":117,"exact":false,"location":"spring-boot-2.4.3.jar","version":"2.4.3"},{"class":"org.springframework.boot.SpringApplicationRunListeners","method":"doWithListeners","file":"SpringApplicationRunListeners.java","line":111,"exact":false,"location":"spring-boot-2.4.3.jar","version":"2.4.3"},{"class":"org.springframework.boot.SpringApplicationRunListeners","method":"environmentPrepared","file":"SpringApplicationRunListeners.java","line":62,"exact":false,"location":"spring-boot-2.4.3.jar","version":"2.4.3"},{"class":"org.springframework.boot.SpringApplication","method":"prepareEnvironment","file":"SpringApplication.java","line":362,"exact":false,"location":"spring-boot-2.4.3.jar","version":"2.4.3"},{"class":"org.springframework.boot.SpringApplication","method":"run","file":"SpringApplication.java","line":320,"exact":false,"location":"spring-boot-2.4.3.jar","version":"2.4.3"},{"class":"org.springframework.boot.test.context.SpringBootContextLoader","method":"loadContext","file":"SpringBootContextLoader.java","line":123,"exact":false,"location":"spring-boot-test-2.4.3.jar","version":"2.4.3"},{"class":"org.springframework.test.context.cache.DefaultCacheAwareContextLoaderDelegate","method":"loadContextInternal","file":"DefaultCacheAwareContextLoaderDelegate.java","line":99,"exact":false,"location":"spring-test-5.3.4.jar","version":"5.3.4"},{"class":"org.springframework.test.context.cache.DefaultCacheAwareContextLoaderDelegate","method":"loadContext","file":"DefaultCacheAwareContextLoaderDelegate.java","line":124,"exact":false,"location":"spring-test-5.3.4.jar","version":"5.3.4"}]},"extendedStackTrace":[{"class":"org.springframework.boot.context.properties.bind.Binder","method":"handleBindError","file":"Binder.java","line":363,"exact":false,"location":"spring-boot-2.4.3.jar","version":"2.4.3"},{"class":"org.springframework.boot.context.properties.bind.Binder","method":"bind","file":"Binder.java","line":323,"exact":false,"location":"spring-boot-2.4.3.jar","version":"2.4.3"},{"class":"org.springframework.boot.context.properties.bind.Binder","method":"lambda$null$1","file":"Binder.java","line":411,"exact":false,"location":"spring-boot-2.4.3.jar","version":"2.4.3"},{"class":"org.springframework.boot.context.properties.bind.Binder$Context","method":"withSource","file":"Binder.java","line":542,"exact":false,"location":"spring-boot-2.4.3.jar","version":"2.4.3"},{"class":"org.springframework.boot.context.properties.bind.Binder$Context","method":"access$800","file":"Binder.java","line":512,"exact":false,"location":"spring-boot-2.4.3.jar","version":"2.4.3"},{"class":"org.springframework.boot.context.properties.bind.Binder","method":"lambda$bindAggregate$2","file":"Binder.java","line":412,"exact":false,"location":"spring-boot-2.4.3.jar","version":"2.4.3"},{"class":"org.springframework.boot.context.properties.bind.AggregateElementBinder","method":"bind","file":"AggregateElementBinder.java","line":39,"exact":false,"location":"spring-boot-2.4.3.jar","version":"2.4.3"},{"class":"org.springframework.boot.context.properties.bind.MapBinder$EntryBinder","method":"lambda$bindEntries$0","file":"MapBinder.java","line":157,"exact":false,"location":"spring-boot-2.4.3.jar","version":"2.4.3"},{"class":"java.util.HashMap","method":"computeIfAbsent","file":"HashMap.java","line":1133,"exact":false,"location":"?","version":"?"},{"class":"org.springframework.boot.context.properties.bind.MapBinder$EntryBinder","method":"bindEntries","file":"MapBinder.java","line":157,"exact":false,"location":"spring-boot-2.4.3.jar","version":"2.4.3"},{"class":"org.springframework.boot.context.properties.bind.MapBinder","method":"bindAggregate","file":"MapBinder.java","line":68,"exact":false,"location":"spring-boot-2.4.3.jar","version":"2.4.3"},{"class":"org.springframework.boot.context.properties.bind.AggregateBinder","method":"bind","file":"AggregateBinder.java","line":56,"exact":false,"location":"spring-boot-2.4.3.jar","version":"2.4.3"},{"class":"org.springframework.boot.context.properties.bind.Binder","method":"lambda$bindAggregate$3","file":"Binder.java","line":414,"exact":false,"location":"spring-boot-2.4.3.jar","version":"2.4.3"},{"class":"org.springframework.boot.context.properties.bind.Binder$Context","method":"withIncreasedDepth","file":"Binder.java","line":571,"exact":false,"location":"spring-boot-2.4.3.jar","version":"2.4.3"},{"class":"org.springframework.boot.context.properties.bind.Binder$Context","method":"access$100","file":"Binder.java","line":512,"exact":false,"location":"spring-boot-2.4.3.jar","version":"2.4.3"},{"class":"org.springframework.boot.context.properties.bind.Binder","method":"bindAggregate","file":"Binder.java","line":414,"exact":false,"location":"spring-boot-2.4.3.jar","version":"2.4.3"},{"class":"org.springframework.boot.context.properties.bind.Binder","method":"bindObject","file":"Binder.java","line":375,"exact":false,"location":"spring-boot-2.4.3.jar","version":"2.4.3"},{"class":"org.springframework.boot.context.properties.bind.Binder","method":"bind","file":"Binder.java","line":319,"exact":false,"location":"spring-boot-2.4.3.jar","version":"2.4.3"},{"class":"org.springframework.boot.context.properties.bind.Binder","method":"bind","file":"Binder.java","line":308,"exact":false,"location":"spring-boot-2.4.3.jar","version":"2.4.3"},{"class":"org.springframework.boot.context.properties.bind.Binder","method":"bind","file":"Binder.java","line":238,"exact":false,"location":"spring-boot-2.4.3.jar","version":"2.4.3"},{"class":"org.springframework.boot.context.properties.bind.Binder","method":"bind","file":"Binder.java","line":212,"exact":false,"location":"spring-boot-2.4.3.jar","version":"2.4.3"},{"class":"org.springframework.boot.context.logging.LoggingApplicationListener","method":"setLogLevels","file":"LoggingApplicationListener.java","line":373,"exact":false,"location":"spring-boot-2.4.3.jar","version":"2.4.3"},{"class":"org.springframework.boot.context.logging.LoggingApplicationListener","method":"initializeFinalLoggingLevels","file":"LoggingApplicationListener.java","line":340,"exact":false,"location":"spring-boot-2.4.3.jar","version":"2.4.3"},{"class":"org.springframework.boot.context.logging.LoggingApplicationListener","method":"initialize","file":"LoggingApplicationListener.java","line":282,"exact":false,"location":"spring-boot-2.4.3.jar","version":"2.4.3"},{"class":"org.springframework.boot.context.logging.LoggingApplicationListener","method":"onApplicationEnvironmentPreparedEvent","file":"LoggingApplicationListener.java","line":239,"exact":false,"location":"spring-boot-2.4.3.jar","version":"2.4.3"},{"class":"org.springframework.boot.context.logging.LoggingApplicationListener","method":"onApplicationEvent","file":"LoggingApplicationListener.java","line":216,"exact":false,"location":"spring-boot-2.4.3.jar","version":"2.4.3"},{"class":"org.springframework.context.event.SimpleApplicationEventMulticaster","method":"doInvokeListener","file":"SimpleApplicationEventMulticaster.java","line":176,"exact":false,"location":"spring-context-5.3.4.jar","version":"5.3.4"},{"class":"org.springframework.context.event.SimpleApplicationEventMulticaster","method":"invokeListener","file":"SimpleApplicationEventMulticaster.java","line":169,"exact":false,"location":"spring-context-5.3.4.jar","version":"5.3.4"},{"class":"org.springframework.context.event.SimpleApplicationEventMulticaster","method":"multicastEvent","file":"SimpleApplicationEventMulticaster.java","line":143,"exact":false,"location":"spring-context-5.3.4.jar","version":"5.3.4"},{"class":"org.springframework.context.event.SimpleApplicationEventMulticaster","method":"multicastEvent","file":"SimpleApplicationEventMulticaster.java","line":131,"exact":false,"location":"spring-context-5.3.4.jar","version":"5.3.4"},{"class":"org.springframework.boot.context.event.EventPublishingRunListener","method":"environmentPrepared","file":"EventPublishingRunListener.java","line":82,"exact":false,"location":"spring-boot-2.4.3.jar","version":"2.4.3"},{"class":"org.springframework.boot.SpringApplicationRunListeners","method":"lambda$environmentPrepared$2","file":"SpringApplicationRunListeners.java","line":63,"exact":false,"location":"spring-boot-2.4.3.jar","version":"2.4.3"},{"class":"java.util.ArrayList","method":"forEach","file":"ArrayList.java","line":1541,"exact":false,"location":"?","version":"?"},{"class":"org.springframework.boot.SpringApplicationRunListeners","method":"doWithListeners","file":"SpringApplicationRunListeners.java","line":117,"exact":false,"location":"spring-boot-2.4.3.jar","version":"2.4.3"},{"class":"org.springframework.boot.SpringApplicationRunListeners","method":"doWithListeners","file":"SpringApplicationRunListeners.java","line":111,"exact":false,"location":"spring-boot-2.4.3.jar","version":"2.4.3"},{"class":"org.springframework.boot.SpringApplicationRunListeners","method":"environmentPrepared","file":"SpringApplicationRunListeners.java","line":62,"exact":false,"location":"spring-boot-2.4.3.jar","version":"2.4.3"},{"class":"org.springframework.boot.SpringApplication","method":"prepareEnvironment","file":"SpringApplication.java","line":362,"exact":false,"location":"spring-boot-2.4.3.jar","version":"2.4.3"},{"class":"org.springframework.boot.SpringApplication","method":"run","file":"SpringApplication.java","line":320,"exact":false,"location":"spring-boot-2.4.3.jar","version":"2.4.3"},{"class":"org.springframework.boot.test.context.SpringBootContextLoader","method":"loadContext","file":"SpringBootContextLoader.java","line":123,"exact":false,"location":"spring-boot-test-2.4.3.jar","version":"2.4.3"},{"class":"org.springframework.test.context.cache.DefaultCacheAwareContextLoaderDelegate","method":"loadContextInternal","file":"DefaultCacheAwareContextLoaderDelegate.java","line":99,"exact":false,"location":"spring-test-5.3.4.jar","version":"5.3.4"},{"class":"org.springframework.test.context.cache.DefaultCacheAwareContextLoaderDelegate","method":"loadContext","file":"DefaultCacheAwareContextLoaderDelegate.java","line":124,"exact":false,"location":"spring-test-5.3.4.jar","version":"5.3.4"}]},"extendedStackTrace":[{"class":"org.springframework.test.context.cache.DefaultCacheAwareContextLoaderDelegate","method":"loadContext","file":"DefaultCacheAwareContextLoaderDelegate.java","line":132,"exact":false,"location":"spring-test-5.3.4.jar","version":"5.3.4"},{"class":"org.springframework.test.context.support.DefaultTestContext","method":"getApplicationContext","file":"DefaultTestContext.java","line":124,"exact":false,"location":"spring-test-5.3.4.jar","version":"5.3.4"},{"class":"org.springframework.test.context.web.ServletTestExecutionListener","method":"setUpRequestContextIfNecessary","file":"ServletTestExecutionListener.java","line":190,"exact":false,"location":"spring-test-5.3.4.jar","version":"5.3.4"},{"class":"org.springframework.test.context.web.ServletTestExecutionListener","method":"prepareTestInstance","file":"ServletTestExecutionListener.java","line":132,"exact":false,"location":"spring-test-5.3.4.jar","version":"5.3.4"},{"class":"org.springframework.test.context.TestContextManager","method":"prepareTestInstance","file":"TestContextManager.java","line":244,"exact":false,"location":"spring-test-5.3.4.jar","version":"5.3.4"},{"class":"org.springframework.test.context.junit.jupiter.SpringExtension","method":"postProcessTestInstance","file":"SpringExtension.java","line":138,"exact":false,"location":"spring-test-5.3.4.jar","version":"5.3.4"},{"class":"org.junit.jupiter.engine.descriptor.ClassBasedTestDescriptor","method":"lambda$invokeTestInstancePostProcessors$6","file":"ClassBasedTestDescriptor.java","line":350,"exact":false,"location":"junit-jupiter-engine-5.7.1.jar","version":"5.7.1"},{"class":"org.junit.jupiter.engine.descriptor.ClassBasedTestDescriptor","method":"executeAndMaskThrowable","file":"ClassBasedTestDescriptor.java","line":355,"exact":false,"location":"junit-jupiter-engine-5.7.1.jar","version":"5.7.1"},{"class":"org.junit.jupiter.engine.descriptor.ClassBasedTestDescriptor","method":"lambda$invokeTestInstancePostProcessors$7","file":"ClassBasedTestDescriptor.java","line":350,"exact":false,"location":"junit-jupiter-engine-5.7.1.jar","version":"5.7.1"},{"class":"java.util.stream.ReferencePipeline$3$1","method":"accept","file":"ReferencePipeline.java","line":195,"exact":false,"location":"?","version":"?"},{"class":"java.util.stream.ReferencePipeline$2$1","method":"accept","file":"ReferencePipeline.java","line":177,"exact":false,"location":"?","version":"?"},{"class":"java.util.ArrayList$ArrayListSpliterator","method":"forEachRemaining","file":"ArrayList.java","line":1655,"exact":false,"location":"?","version":"?"},{"class":"java.util.stream.AbstractPipeline","method":"copyInto","file":"AbstractPipeline.java","line":484,"exact":false,"location":"?","version":"?"},{"class":"java.util.stream.AbstractPipeline","method":"wrapAndCopyInto","file":"AbstractPipeline.java","line":474,"exact":false,"location":"?","version":"?"},{"class":"java.util.stream.StreamSpliterators$WrappingSpliterator","method":"forEachRemaining","file":"StreamSpliterators.java","line":312,"exact":false,"location":"?","version":"?"},{"class":"java.util.stream.Streams$ConcatSpliterator","method":"forEachRemaining","file":"Streams.java","line":735,"exact":false,"location":"?","version":"?"},{"class":"java.util.stream.Streams$ConcatSpliterator","method":"forEachRemaining","file":"Streams.java","line":734,"exact":false,"location":"?","version":"?"},{"class":"java.util.stream.ReferencePipeline$Head","method":"forEach","file":"ReferencePipeline.java","line":658,"exact":false,"location":"?","version":"?"},{"class":"org.junit.jupiter.engine.descriptor.ClassBasedTestDescriptor","method":"invokeTestInstancePostProcessors","file":"ClassBasedTestDescriptor.java","line":349,"exact":false,"location":"junit-jupiter-engine-5.7.1.jar","version":"5.7.1"},{"class":"org.junit.jupiter.engine.descriptor.ClassBasedTestDescriptor","method":"lambda$instantiateAndPostProcessTestInstance$4","file":"ClassBasedTestDescriptor.java","line":270,"exact":false,"location":"junit-jupiter-engine-5.7.1.jar","version":"5.7.1"},{"class":"org.junit.platform.engine.support.hierarchical.ThrowableCollector","method":"execute","file":"ThrowableCollector.java","line":73,"exact":false,"location":"junit-platform-engine-1.7.1.jar","version":"1.7.1"},{"class":"org.junit.jupiter.engine.descriptor.ClassBasedTestDescriptor","method":"instantiateAndPostProcessTestInstance","file":"ClassBasedTestDescriptor.java","line":269,"exact":false,"location":"junit-jupiter-engine-5.7.1.jar","version":"5.7.1"},{"class":"org.junit.jupiter.engine.descriptor.ClassBasedTestDescriptor","method":"lambda$testInstancesProvider$2","file":"ClassBasedTestDescriptor.java","line":259,"exact":false,"location":"junit-jupiter-engine-5.7.1.jar","version":"5.7.1"},{"class":"java.util.Optional","method":"orElseGet","file":"Optional.java","line":369,"exact":false,"location":"?","version":"?"},{"class":"org.junit.jupiter.engine.descriptor.ClassBasedTestDescriptor","method":"lambda$testInstancesProvider$3","file":"ClassBasedTestDescriptor.java","line":258,"exact":false,"location":"junit-jupiter-engine-5.7.1.jar","version":"5.7.1"},{"class":"org.junit.jupiter.engine.execution.TestInstancesProvider","method":"getTestInstances","file":"TestInstancesProvider.java","line":31,"exact":false,"location":"junit-jupiter-engine-5.7.1.jar","version":"5.7.1"},{"class":"org.junit.jupiter.engine.descriptor.TestMethodTestDescriptor","method":"lambda$prepare$0","file":"TestMethodTestDescriptor.java","line":101,"exact":false,"location":"junit-jupiter-engine-5.7.1.jar","version":"5.7.1"},{"class":"org.junit.platform.engine.support.hierarchical.ThrowableCollector","method":"execute","file":"ThrowableCollector.java","line":73,"exact":false,"location":"junit-platform-engine-1.7.1.jar","version":"1.7.1"},{"class":"org.junit.jupiter.engine.descriptor.TestMethodTestDescriptor","method":"prepare","file":"TestMethodTestDescriptor.java","line":100,"exact":false,"location":"junit-jupiter-engine-5.7.1.jar","version":"5.7.1"},{"class":"org.junit.jupiter.engine.descriptor.TestMethodTestDescriptor","method":"prepare","file":"TestMethodTestDescriptor.java","line":65,"exact":false,"location":"junit-jupiter-engine-5.7.1.jar","version":"5.7.1"},{"class":"org.junit.platform.engine.support.hierarchical.NodeTestTask","method":"lambda$prepare$1","file":"NodeTestTask.java","line":111,"exact":false,"location":"junit-platform-engine-1.7.1.jar","version":"1.7.1"},{"class":"org.junit.platform.engine.support.hierarchical.ThrowableCollector","method":"execute","file":"ThrowableCollector.java","line":73,"exact":false,"location":"junit-platform-engine-1.7.1.jar","version":"1.7.1"},{"class":"org.junit.platform.engine.support.hierarchical.NodeTestTask","method":"prepare","file":"NodeTestTask.java","line":111,"exact":false,"location":"junit-platform-engine-1.7.1.jar","version":"1.7.1"},{"class":"org.junit.platform.engine.support.hierarchical.NodeTestTask","method":"execute","file":"NodeTestTask.java","line":79,"exact":false,"location":"junit-platform-engine-1.7.1.jar","version":"1.7.1"},{"class":"java.util.ArrayList","method":"forEach","file":"ArrayList.java","line":1541,"exact":false,"location":"?","version":"?"},{"class":"org.junit.platform.engine.support.hierarchical.SameThreadHierarchicalTestExecutorService","method":"invokeAll","file":"SameThreadHierarchicalTestExecutorService.java","line":38,"exact":false,"location":"junit-platform-engine-1.7.1.jar","version":"1.7.1"},{"class":"org.junit.platform.engine.support.hierarchical.NodeTestTask","method":"lambda$executeRecursively$5","file":"NodeTestTask.java","line":143,"exact":false,"location":"junit-platform-engine-1.7.1.jar","version":"1.7.1"},{"class":"org.junit.platform.engine.support.hierarchical.ThrowableCollector","method":"execute","file":"ThrowableCollector.java","line":73,"exact":false,"location":"junit-platform-engine-1.7.1.jar","version":"1.7.1"},{"class":"org.junit.platform.engine.support.hierarchical.NodeTestTask","method":"lambda$executeRecursively$7","file":"NodeTestTask.java","line":129,"exact":false,"location":"junit-platform-engine-1.7.1.jar","version":"1.7.1"},{"class":"org.junit.platform.engine.support.hierarchical.Node","method":"around","file":"Node.java","line":137,"exact":false,"location":"junit-platform-engine-1.7.1.jar","version":"1.7.1"},{"class":"org.junit.platform.engine.support.hierarchical.NodeTestTask","method":"lambda$executeRecursively$8","file":"NodeTestTask.java","line":127,"exact":false,"location":"junit-platform-engine-1.7.1.jar","version":"1.7.1"},{"class":"org.junit.platform.engine.support.hierarchical.ThrowableCollector","method":"execute","file":"ThrowableCollector.java","line":73,"exact":false,"location":"junit-platform-engine-1.7.1.jar","version":"1.7.1"},{"class":"org.junit.platform.engine.support.hierarchical.NodeTestTask","method":"executeRecursively","file":"NodeTestTask.java","line":126,"exact":false,"location":"junit-platform-engine-1.7.1.jar","version":"1.7.1"},{"class":"org.junit.platform.engine.support.hierarchical.NodeTestTask","method":"execute","file":"NodeTestTask.java","line":84,"exact":false,"location":"junit-platform-engine-1.7.1.jar","version":"1.7.1"},{"class":"java.util.ArrayList","method":"forEach","file":"ArrayList.java","line":1541,"exact":false,"location":"?","version":"?"},{"class":"org.junit.platform.engine.support.hierarchical.SameThreadHierarchicalTestExecutorService","method":"invokeAll","file":"SameThreadHierarchicalTestExecutorService.java","line":38,"exact":false,"location":"junit-platform-engine-1.7.1.jar","version":"1.7.1"},{"class":"org.junit.platform.engine.support.hierarchical.NodeTestTask","method":"lambda$executeRecursively$5","file":"NodeTestTask.java","line":143,"exact":false,"location":"junit-platform-engine-1.7.1.jar","version":"1.7.1"},{"class":"org.junit.platform.engine.support.hierarchical.ThrowableCollector","method":"execute","file":"ThrowableCollector.java","line":73,"exact":false,"location":"junit-platform-engine-1.7.1.jar","version":"1.7.1"},{"class":"org.junit.platform.engine.support.hierarchical.NodeTestTask","method":"lambda$executeRecursively$7","file":"NodeTestTask.java","line":129,"exact":false,"location":"junit-platform-engine-1.7.1.jar","version":"1.7.1"},{"class":"org.junit.platform.engine.support.hierarchical.Node","method":"around","file":"Node.java","line":137,"exact":false,"location":"junit-platform-engine-1.7.1.jar","version":"1.7.1"},{"class":"org.junit.platform.engine.support.hierarchical.NodeTestTask","method":"lambda$executeRecursively$8","file":"NodeTestTask.java","line":127,"exact":false,"location":"junit-platform-engine-1.7.1.jar","version":"1.7.1"},{"class":"org.junit.platform.engine.support.hierarchical.ThrowableCollector","method":"execute","file":"ThrowableCollector.java","line":73,"exact":false,"location":"junit-platform-engine-1.7.1.jar","version":"1.7.1"},{"class":"org.junit.platform.engine.support.hierarchical.NodeTestTask","method":"executeRecursively","file":"NodeTestTask.java","line":126,"exact":false,"location":"junit-platform-engine-1.7.1.jar","version":"1.7.1"},{"class":"org.junit.platform.engine.support.hierarchical.NodeTestTask","method":"execute","file":"NodeTestTask.java","line":84,"exact":false,"location":"junit-platform-engine-1.7.1.jar","version":"1.7.1"},{"class":"org.junit.platform.engine.support.hierarchical.SameThreadHierarchicalTestExecutorService","method":"submit","file":"SameThreadHierarchicalTestExecutorService.java","line":32,"exact":false,"location":"junit-platform-engine-1.7.1.jar","version":"1.7.1"},{"class":"org.junit.platform.engine.support.hierarchical.HierarchicalTestExecutor","method":"execute","file":"HierarchicalTestExecutor.java","line":57,"exact":false,"location":"junit-platform-engine-1.7.1.jar","version":"1.7.1"},{"class":"org.junit.platform.engine.support.hierarchical.HierarchicalTestEngine","method":"execute","file":"HierarchicalTestEngine.java","line":51,"exact":false,"location":"junit-platform-engine-1.7.1.jar","version":"1.7.1"},{"class":"org.junit.platform.launcher.core.DefaultLauncher","method":"execute","file":"DefaultLauncher.java","line":220,"exact":false,"location":"junit-platform-launcher-1.3.1.jar","version":"1.3.1"},{"class":"org.junit.platform.launcher.core.DefaultLauncher","method":"lambda$execute$6","file":"DefaultLauncher.java","line":188,"exact":false,"location":"junit-platform-launcher-1.3.1.jar","version":"1.3.1"},{"class":"org.junit.platform.launcher.core.DefaultLauncher","method":"withInterceptedStreams","file":"DefaultLauncher.java","line":202,"exact":true,"location":"junit-platform-launcher-1.3.1.jar","version":"1.3.1"},{"class":"org.junit.platform.launcher.core.DefaultLauncher","method":"execute","file":"DefaultLauncher.java","line":181,"exact":true,"location":"junit-platform-launcher-1.3.1.jar","version":"1.3.1"},{"class":"org.junit.platform.launcher.core.DefaultLauncher","method":"execute","file":"DefaultLauncher.java","line":128,"exact":true,"location":"junit-platform-launcher-1.3.1.jar","version":"1.3.1"},{"class":"org.apache.maven.surefire.junitplatform.JUnitPlatformProvider","method":"invokeAllTests","file":"JUnitPlatformProvider.java","line":150,"exact":true,"location":"surefire-junit-platform-2.22.2.jar","version":"2.22.2"},{"class":"org.apache.maven.surefire.junitplatform.JUnitPlatformProvider","method":"invoke","file":"JUnitPlatformProvider.java","line":124,"exact":true,"location":"surefire-junit-platform-2.22.2.jar","version":"2.22.2"},{"class":"org.apache.maven.surefire.booter.ForkedBooter","method":"invokeProviderInSameClassLoader","file":"ForkedBooter.java","line":384,"exact":true,"location":"surefire-booter-2.22.2.jar","version":"2.22.2"},{"class":"org.apache.maven.surefire.booter.ForkedBooter","method":"runSuitesInProcess","file":"ForkedBooter.java","line":345,"exact":true,"location":"surefire-booter-2.22.2.jar","version":"2.22.2"},{"class":"org.apache.maven.surefire.booter.ForkedBooter","method":"execute","file":"ForkedBooter.java","line":126,"exact":true,"location":"surefire-booter-2.22.2.jar","version":"2.22.2"},{"class":"org.apache.maven.surefire.booter.ForkedBooter","method":"main","file":"ForkedBooter.java","line":418,"exact":true,"location":"surefire-booter-2.22.2.jar","version":"2.22.2"}]},"endOfBatch":false,"loggerFqcn":"org.apache.commons.logging.LogAdapter$Log4jLog","contextMap":{},"threadId":1,"threadPriority":5}
]]></system-out>
  </testcase>
  <testcase name="getContractRateTest" classname="net.apmoller.athena.microservices.ComparatorDashboard.services.ComparatorDashboardServiceTest" time="0">
    <error message="Failed to load ApplicationContext" type="java.lang.IllegalStateException">java.lang.IllegalStateException: Failed to load ApplicationContext
Caused by: org.springframework.boot.context.properties.bind.BindException: Failed to bind properties under 'logging.level.net.apmoller.athena.microservices.contractrates' to org.springframework.boot.logging.LogLevel
Caused by: org.springframework.core.convert.ConversionFailedException: Failed to convert from type [java.lang.String] to type [org.springframework.boot.logging.LogLevel] for value '${logLevel}'; nested exception is java.lang.IllegalArgumentException: No enum constant org.springframework.boot.logging.LogLevel.${logLevel}
Caused by: java.lang.IllegalArgumentException: No enum constant org.springframework.boot.logging.LogLevel.${logLevel}
</error>
    <system-out><![CDATA[{"instant":{"epochSecond":1631711813,"nanoOfSecond":412259100},"thread":"main","level":"ERROR","loggerName":"org.springframework.boot.diagnostics.LoggingFailureAnalysisReporter","message":"\r\n\r\n***************************\r\nAPPLICATION FAILED TO START\r\n***************************\r\n\r\nDescription:\r\n\r\nFailed to bind properties under 'logging.level.net.apmoller.athena.microservices.contractrates' to org.springframework.boot.logging.LogLevel:\r\n\r\n    Property: logging.level.net.apmoller.athena.microservices.contractrates\r\n    Value: ${logLevel}\r\n    Origin: class path resource [application.yml] - 32:28\r\n    Reason: failed to convert java.lang.String to org.springframework.boot.logging.LogLevel\r\n\r\nAction:\r\n\r\nUpdate your application's configuration. The following values are valid:\r\n\r\n    DEBUG\r\n    ERROR\r\n    FATAL\r\n    INFO\r\n    OFF\r\n    TRACE\r\n    WARN\r\n","endOfBatch":false,"loggerFqcn":"org.apache.commons.logging.LogAdapter$Log4jLog","contextMap":{},"threadId":1,"threadPriority":5}
{"instant":{"epochSecond":1631711813,"nanoOfSecond":423885200},"thread":"main","level":"ERROR","loggerName":"org.springframework.test.context.TestContextManager","message":"Caught exception while allowing TestExecutionListener [org.springframework.test.context.web.ServletTestExecutionListener@124e5ce1] to prepare test instance [net.apmoller.athena.microservices.ComparatorDashboard.services.ComparatorDashboardServiceTest@459dad43]","thrown":{"commonElementCount":0,"localizedMessage":"Failed to load ApplicationContext","message":"Failed to load ApplicationContext","name":"java.lang.IllegalStateException","cause":{"commonElementCount":67,"localizedMessage":"Failed to bind properties under 'logging.level.net.apmoller.athena.microservices.contractrates' to org.springframework.boot.logging.LogLevel","message":"Failed to bind properties under 'logging.level.net.apmoller.athena.microservices.contractrates' to org.springframework.boot.logging.LogLevel","name":"org.springframework.boot.context.properties.bind.BindException","cause":{"commonElementCount":67,"localizedMessage":"Failed to convert from type [java.lang.String] to type [org.springframework.boot.logging.LogLevel] for value '${logLevel}'; nested exception is java.lang.IllegalArgumentException: No enum constant org.springframework.boot.logging.LogLevel.${logLevel}","message":"Failed to convert from type [java.lang.String] to type [org.springframework.boot.logging.LogLevel] for value '${logLevel}'; nested exception is java.lang.IllegalArgumentException: No enum constant org.springframework.boot.logging.LogLevel.${logLevel}","name":"org.springframework.core.convert.ConversionFailedException","cause":{"commonElementCount":67,"localizedMessage":"No enum constant org.springframework.boot.logging.LogLevel.${logLevel}","message":"No enum constant org.springframework.boot.logging.LogLevel.${logLevel}","name":"java.lang.IllegalArgumentException","extendedStackTrace":[{"class":"org.springframework.boot.convert.LenientObjectToEnumConverterFactory$LenientToEnumConverter","method":"findEnum","file":"LenientObjectToEnumConverterFactory.java","line":93,"exact":false,"location":"spring-boot-2.4.3.jar","version":"2.4.3"},{"class":"org.springframework.boot.convert.LenientObjectToEnumConverterFactory$LenientToEnumConverter","method":"convert","file":"LenientObjectToEnumConverterFactory.java","line":80,"exact":false,"location":"spring-boot-2.4.3.jar","version":"2.4.3"},{"class":"org.springframework.boot.convert.LenientObjectToEnumConverterFactory$LenientToEnumConverter","method":"convert","file":"LenientObjectToEnumConverterFactory.java","line":61,"exact":false,"location":"spring-boot-2.4.3.jar","version":"2.4.3"},{"class":"org.springframework.core.convert.support.GenericConversionService$ConverterFactoryAdapter","method":"convert","file":"GenericConversionService.java","line":437,"exact":false,"location":"spring-core-5.3.4.jar","version":"5.3.4"},{"class":"org.springframework.core.convert.support.ConversionUtils","method":"invokeConverter","file":"ConversionUtils.java","line":41,"exact":false,"location":"spring-core-5.3.4.jar","version":"5.3.4"},{"class":"org.springframework.core.convert.support.GenericConversionService","method":"convert","file":"GenericConversionService.java","line":192,"exact":false,"location":"spring-core-5.3.4.jar","version":"5.3.4"},{"class":"org.springframework.boot.context.properties.bind.BindConverter$CompositeConversionService","method":"convert","file":"BindConverter.java","line":170,"exact":false,"location":"spring-boot-2.4.3.jar","version":"2.4.3"},{"class":"org.springframework.boot.context.properties.bind.BindConverter","method":"convert","file":"BindConverter.java","line":96,"exact":false,"location":"spring-boot-2.4.3.jar","version":"2.4.3"},{"class":"org.springframework.boot.context.properties.bind.BindConverter","method":"convert","file":"BindConverter.java","line":88,"exact":false,"location":"spring-boot-2.4.3.jar","version":"2.4.3"},{"class":"org.springframework.boot.context.properties.bind.Binder","method":"bindProperty","file":"Binder.java","line":434,"exact":false,"location":"spring-boot-2.4.3.jar","version":"2.4.3"},{"class":"org.springframework.boot.context.properties.bind.Binder","method":"bindObject","file":"Binder.java","line":379,"exact":false,"location":"spring-boot-2.4.3.jar","version":"2.4.3"},{"class":"org.springframework.boot.context.properties.bind.Binder","method":"bind","file":"Binder.java","line":319,"exact":false,"location":"spring-boot-2.4.3.jar","version":"2.4.3"},{"class":"org.springframework.boot.context.properties.bind.Binder","method":"lambda$null$1","file":"Binder.java","line":411,"exact":false,"location":"spring-boot-2.4.3.jar","version":"2.4.3"},{"class":"org.springframework.boot.context.properties.bind.Binder$Context","method":"withSource","file":"Binder.java","line":542,"exact":false,"location":"spring-boot-2.4.3.jar","version":"2.4.3"},{"class":"org.springframework.boot.context.properties.bind.Binder$Context","method":"access$800","file":"Binder.java","line":512,"exact":false,"location":"spring-boot-2.4.3.jar","version":"2.4.3"},{"class":"org.springframework.boot.context.properties.bind.Binder","method":"lambda$bindAggregate$2","file":"Binder.java","line":412,"exact":false,"location":"spring-boot-2.4.3.jar","version":"2.4.3"},{"class":"org.springframework.boot.context.properties.bind.AggregateElementBinder","method":"bind","file":"AggregateElementBinder.java","line":39,"exact":false,"location":"spring-boot-2.4.3.jar","version":"2.4.3"},{"class":"org.springframework.boot.context.properties.bind.MapBinder$EntryBinder","method":"lambda$bindEntries$0","file":"MapBinder.java","line":157,"exact":false,"location":"spring-boot-2.4.3.jar","version":"2.4.3"},{"class":"java.util.HashMap","method":"computeIfAbsent","file":"HashMap.java","line":1133,"exact":false,"location":"?","version":"?"},{"class":"org.springframework.boot.context.properties.bind.MapBinder$EntryBinder","method":"bindEntries","file":"MapBinder.java","line":157,"exact":false,"location":"spring-boot-2.4.3.jar","version":"2.4.3"},{"class":"org.springframework.boot.context.properties.bind.MapBinder","method":"bindAggregate","file":"MapBinder.java","line":68,"exact":false,"location":"spring-boot-2.4.3.jar","version":"2.4.3"},{"class":"org.springframework.boot.context.properties.bind.AggregateBinder","method":"bind","file":"AggregateBinder.java","line":56,"exact":false,"location":"spring-boot-2.4.3.jar","version":"2.4.3"},{"class":"org.springframework.boot.context.properties.bind.Binder","method":"lambda$bindAggregate$3","file":"Binder.java","line":414,"exact":false,"location":"spring-boot-2.4.3.jar","version":"2.4.3"},{"class":"org.springframework.boot.context.properties.bind.Binder$Context","method":"withIncreasedDepth","file":"Binder.java","line":571,"exact":false,"location":"spring-boot-2.4.3.jar","version":"2.4.3"},{"class":"org.springframework.boot.context.properties.bind.Binder$Context","method":"access$100","file":"Binder.java","line":512,"exact":false,"location":"spring-boot-2.4.3.jar","version":"2.4.3"},{"class":"org.springframework.boot.context.properties.bind.Binder","method":"bindAggregate","file":"Binder.java","line":414,"exact":false,"location":"spring-boot-2.4.3.jar","version":"2.4.3"},{"class":"org.springframework.boot.context.properties.bind.Binder","method":"bindObject","file":"Binder.java","line":375,"exact":false,"location":"spring-boot-2.4.3.jar","version":"2.4.3"},{"class":"org.springframework.boot.context.properties.bind.Binder","method":"bind","file":"Binder.java","line":319,"exact":false,"location":"spring-boot-2.4.3.jar","version":"2.4.3"},{"class":"org.springframework.boot.context.properties.bind.Binder","method":"bind","file":"Binder.java","line":308,"exact":false,"location":"spring-boot-2.4.3.jar","version":"2.4.3"},{"class":"org.springframework.boot.context.properties.bind.Binder","method":"bind","file":"Binder.java","line":238,"exact":false,"location":"spring-boot-2.4.3.jar","version":"2.4.3"},{"class":"org.springframework.boot.context.properties.bind.Binder","method":"bind","file":"Binder.java","line":212,"exact":false,"location":"spring-boot-2.4.3.jar","version":"2.4.3"},{"class":"org.springframework.boot.context.logging.LoggingApplicationListener","method":"setLogLevels","file":"LoggingApplicationListener.java","line":373,"exact":false,"location":"spring-boot-2.4.3.jar","version":"2.4.3"},{"class":"org.springframework.boot.context.logging.LoggingApplicationListener","method":"initializeFinalLoggingLevels","file":"LoggingApplicationListener.java","line":340,"exact":false,"location":"spring-boot-2.4.3.jar","version":"2.4.3"},{"class":"org.springframework.boot.context.logging.LoggingApplicationListener","method":"initialize","file":"LoggingApplicationListener.java","line":282,"exact":false,"location":"spring-boot-2.4.3.jar","version":"2.4.3"},{"class":"org.springframework.boot.context.logging.LoggingApplicationListener","method":"onApplicationEnvironmentPreparedEvent","file":"LoggingApplicationListener.java","line":239,"exact":false,"location":"spring-boot-2.4.3.jar","version":"2.4.3"},{"class":"org.springframework.boot.context.logging.LoggingApplicationListener","method":"onApplicationEvent","file":"LoggingApplicationListener.java","line":216,"exact":false,"location":"spring-boot-2.4.3.jar","version":"2.4.3"},{"class":"org.springframework.context.event.SimpleApplicationEventMulticaster","method":"doInvokeListener","file":"SimpleApplicationEventMulticaster.java","line":176,"exact":false,"location":"spring-context-5.3.4.jar","version":"5.3.4"},{"class":"org.springframework.context.event.SimpleApplicationEventMulticaster","method":"invokeListener","file":"SimpleApplicationEventMulticaster.java","line":169,"exact":false,"location":"spring-context-5.3.4.jar","version":"5.3.4"},{"class":"org.springframework.context.event.SimpleApplicationEventMulticaster","method":"multicastEvent","file":"SimpleApplicationEventMulticaster.java","line":143,"exact":false,"location":"spring-context-5.3.4.jar","version":"5.3.4"},{"class":"org.springframework.context.event.SimpleApplicationEventMulticaster","method":"multicastEvent","file":"SimpleApplicationEventMulticaster.java","line":131,"exact":false,"location":"spring-context-5.3.4.jar","version":"5.3.4"},{"class":"org.springframework.boot.context.event.EventPublishingRunListener","method":"environmentPrepared","file":"EventPublishingRunListener.java","line":82,"exact":false,"location":"spring-boot-2.4.3.jar","version":"2.4.3"},{"class":"org.springframework.boot.SpringApplicationRunListeners","method":"lambda$environmentPrepared$2","file":"SpringApplicationRunListeners.java","line":63,"exact":false,"location":"spring-boot-2.4.3.jar","version":"2.4.3"},{"class":"java.util.ArrayList","method":"forEach","file":"ArrayList.java","line":1541,"exact":false,"location":"?","version":"?"},{"class":"org.springframework.boot.SpringApplicationRunListeners","method":"doWithListeners","file":"SpringApplicationRunListeners.java","line":117,"exact":false,"location":"spring-boot-2.4.3.jar","version":"2.4.3"},{"class":"org.springframework.boot.SpringApplicationRunListeners","method":"doWithListeners","file":"SpringApplicationRunListeners.java","line":111,"exact":false,"location":"spring-boot-2.4.3.jar","version":"2.4.3"},{"class":"org.springframework.boot.SpringApplicationRunListeners","method":"environmentPrepared","file":"SpringApplicationRunListeners.java","line":62,"exact":false,"location":"spring-boot-2.4.3.jar","version":"2.4.3"},{"class":"org.springframework.boot.SpringApplication","method":"prepareEnvironment","file":"SpringApplication.java","line":362,"exact":false,"location":"spring-boot-2.4.3.jar","version":"2.4.3"},{"class":"org.springframework.boot.SpringApplication","method":"run","file":"SpringApplication.java","line":320,"exact":false,"location":"spring-boot-2.4.3.jar","version":"2.4.3"},{"class":"org.springframework.boot.test.context.SpringBootContextLoader","method":"loadContext","file":"SpringBootContextLoader.java","line":123,"exact":false,"location":"spring-boot-test-2.4.3.jar","version":"2.4.3"},{"class":"org.springframework.test.context.cache.DefaultCacheAwareContextLoaderDelegate","method":"loadContextInternal","file":"DefaultCacheAwareContextLoaderDelegate.java","line":99,"exact":false,"location":"spring-test-5.3.4.jar","version":"5.3.4"},{"class":"org.springframework.test.context.cache.DefaultCacheAwareContextLoaderDelegate","method":"loadContext","file":"DefaultCacheAwareContextLoaderDelegate.java","line":124,"exact":false,"location":"spring-test-5.3.4.jar","version":"5.3.4"}]},"extendedStackTrace":[{"class":"org.springframework.core.convert.support.ConversionUtils","method":"invokeConverter","file":"ConversionUtils.java","line":47,"exact":false,"location":"spring-core-5.3.4.jar","version":"5.3.4"},{"class":"org.springframework.core.convert.support.GenericConversionService","method":"convert","file":"GenericConversionService.java","line":192,"exact":false,"location":"spring-core-5.3.4.jar","version":"5.3.4"},{"class":"org.springframework.boot.context.properties.bind.BindConverter$CompositeConversionService","method":"convert","file":"BindConverter.java","line":170,"exact":false,"location":"spring-boot-2.4.3.jar","version":"2.4.3"},{"class":"org.springframework.boot.context.properties.bind.BindConverter","method":"convert","file":"BindConverter.java","line":96,"exact":false,"location":"spring-boot-2.4.3.jar","version":"2.4.3"},{"class":"org.springframework.boot.context.properties.bind.BindConverter","method":"convert","file":"BindConverter.java","line":88,"exact":false,"location":"spring-boot-2.4.3.jar","version":"2.4.3"},{"class":"org.springframework.boot.context.properties.bind.Binder","method":"bindProperty","file":"Binder.java","line":434,"exact":false,"location":"spring-boot-2.4.3.jar","version":"2.4.3"},{"class":"org.springframework.boot.context.properties.bind.Binder","method":"bindObject","file":"Binder.java","line":379,"exact":false,"location":"spring-boot-2.4.3.jar","version":"2.4.3"},{"class":"org.springframework.boot.context.properties.bind.Binder","method":"bind","file":"Binder.java","line":319,"exact":false,"location":"spring-boot-2.4.3.jar","version":"2.4.3"},{"class":"org.springframework.boot.context.properties.bind.Binder","method":"lambda$null$1","file":"Binder.java","line":411,"exact":false,"location":"spring-boot-2.4.3.jar","version":"2.4.3"},{"class":"org.springframework.boot.context.properties.bind.Binder$Context","method":"withSource","file":"Binder.java","line":542,"exact":false,"location":"spring-boot-2.4.3.jar","version":"2.4.3"},{"class":"org.springframework.boot.context.properties.bind.Binder$Context","method":"access$800","file":"Binder.java","line":512,"exact":false,"location":"spring-boot-2.4.3.jar","version":"2.4.3"},{"class":"org.springframework.boot.context.properties.bind.Binder","method":"lambda$bindAggregate$2","file":"Binder.java","line":412,"exact":false,"location":"spring-boot-2.4.3.jar","version":"2.4.3"},{"class":"org.springframework.boot.context.properties.bind.AggregateElementBinder","method":"bind","file":"AggregateElementBinder.java","line":39,"exact":false,"location":"spring-boot-2.4.3.jar","version":"2.4.3"},{"class":"org.springframework.boot.context.properties.bind.MapBinder$EntryBinder","method":"lambda$bindEntries$0","file":"MapBinder.java","line":157,"exact":false,"location":"spring-boot-2.4.3.jar","version":"2.4.3"},{"class":"java.util.HashMap","method":"computeIfAbsent","file":"HashMap.java","line":1133,"exact":false,"location":"?","version":"?"},{"class":"org.springframework.boot.context.properties.bind.MapBinder$EntryBinder","method":"bindEntries","file":"MapBinder.java","line":157,"exact":false,"location":"spring-boot-2.4.3.jar","version":"2.4.3"},{"class":"org.springframework.boot.context.properties.bind.MapBinder","method":"bindAggregate","file":"MapBinder.java","line":68,"exact":false,"location":"spring-boot-2.4.3.jar","version":"2.4.3"},{"class":"org.springframework.boot.context.properties.bind.AggregateBinder","method":"bind","file":"AggregateBinder.java","line":56,"exact":false,"location":"spring-boot-2.4.3.jar","version":"2.4.3"},{"class":"org.springframework.boot.context.properties.bind.Binder","method":"lambda$bindAggregate$3","file":"Binder.java","line":414,"exact":false,"location":"spring-boot-2.4.3.jar","version":"2.4.3"},{"class":"org.springframework.boot.context.properties.bind.Binder$Context","method":"withIncreasedDepth","file":"Binder.java","line":571,"exact":false,"location":"spring-boot-2.4.3.jar","version":"2.4.3"},{"class":"org.springframework.boot.context.properties.bind.Binder$Context","method":"access$100","file":"Binder.java","line":512,"exact":false,"location":"spring-boot-2.4.3.jar","version":"2.4.3"},{"class":"org.springframework.boot.context.properties.bind.Binder","method":"bindAggregate","file":"Binder.java","line":414,"exact":false,"location":"spring-boot-2.4.3.jar","version":"2.4.3"},{"class":"org.springframework.boot.context.properties.bind.Binder","method":"bindObject","file":"Binder.java","line":375,"exact":false,"location":"spring-boot-2.4.3.jar","version":"2.4.3"},{"class":"org.springframework.boot.context.properties.bind.Binder","method":"bind","file":"Binder.java","line":319,"exact":false,"location":"spring-boot-2.4.3.jar","version":"2.4.3"},{"class":"org.springframework.boot.context.properties.bind.Binder","method":"bind","file":"Binder.java","line":308,"exact":false,"location":"spring-boot-2.4.3.jar","version":"2.4.3"},{"class":"org.springframework.boot.context.properties.bind.Binder","method":"bind","file":"Binder.java","line":238,"exact":false,"location":"spring-boot-2.4.3.jar","version":"2.4.3"},{"class":"org.springframework.boot.context.properties.bind.Binder","method":"bind","file":"Binder.java","line":212,"exact":false,"location":"spring-boot-2.4.3.jar","version":"2.4.3"},{"class":"org.springframework.boot.context.logging.LoggingApplicationListener","method":"setLogLevels","file":"LoggingApplicationListener.java","line":373,"exact":false,"location":"spring-boot-2.4.3.jar","version":"2.4.3"},{"class":"org.springframework.boot.context.logging.LoggingApplicationListener","method":"initializeFinalLoggingLevels","file":"LoggingApplicationListener.java","line":340,"exact":false,"location":"spring-boot-2.4.3.jar","version":"2.4.3"},{"class":"org.springframework.boot.context.logging.LoggingApplicationListener","method":"initialize","file":"LoggingApplicationListener.java","line":282,"exact":false,"location":"spring-boot-2.4.3.jar","version":"2.4.3"},{"class":"org.springframework.boot.context.logging.LoggingApplicationListener","method":"onApplicationEnvironmentPreparedEvent","file":"LoggingApplicationListener.java","line":239,"exact":false,"location":"spring-boot-2.4.3.jar","version":"2.4.3"},{"class":"org.springframework.boot.context.logging.LoggingApplicationListener","method":"onApplicationEvent","file":"LoggingApplicationListener.java","line":216,"exact":false,"location":"spring-boot-2.4.3.jar","version":"2.4.3"},{"class":"org.springframework.context.event.SimpleApplicationEventMulticaster","method":"doInvokeListener","file":"SimpleApplicationEventMulticaster.java","line":176,"exact":false,"location":"spring-context-5.3.4.jar","version":"5.3.4"},{"class":"org.springframework.context.event.SimpleApplicationEventMulticaster","method":"invokeListener","file":"SimpleApplicationEventMulticaster.java","line":169,"exact":false,"location":"spring-context-5.3.4.jar","version":"5.3.4"},{"class":"org.springframework.context.event.SimpleApplicationEventMulticaster","method":"multicastEvent","file":"SimpleApplicationEventMulticaster.java","line":143,"exact":false,"location":"spring-context-5.3.4.jar","version":"5.3.4"},{"class":"org.springframework.context.event.SimpleApplicationEventMulticaster","method":"multicastEvent","file":"SimpleApplicationEventMulticaster.java","line":131,"exact":false,"location":"spring-context-5.3.4.jar","version":"5.3.4"},{"class":"org.springframework.boot.context.event.EventPublishingRunListener","method":"environmentPrepared","file":"EventPublishingRunListener.java","line":82,"exact":false,"location":"spring-boot-2.4.3.jar","version":"2.4.3"},{"class":"org.springframework.boot.SpringApplicationRunListeners","method":"lambda$environmentPrepared$2","file":"SpringApplicationRunListeners.java","line":63,"exact":false,"location":"spring-boot-2.4.3.jar","version":"2.4.3"},{"class":"java.util.ArrayList","method":"forEach","file":"ArrayList.java","line":1541,"exact":false,"location":"?","version":"?"},{"class":"org.springframework.boot.SpringApplicationRunListeners","method":"doWithListeners","file":"SpringApplicationRunListeners.java","line":117,"exact":false,"location":"spring-boot-2.4.3.jar","version":"2.4.3"},{"class":"org.springframework.boot.SpringApplicationRunListeners","method":"doWithListeners","file":"SpringApplicationRunListeners.java","line":111,"exact":false,"location":"spring-boot-2.4.3.jar","version":"2.4.3"},{"class":"org.springframework.boot.SpringApplicationRunListeners","method":"environmentPrepared","file":"SpringApplicationRunListeners.java","line":62,"exact":false,"location":"spring-boot-2.4.3.jar","version":"2.4.3"},{"class":"org.springframework.boot.SpringApplication","method":"prepareEnvironment","file":"SpringApplication.java","line":362,"exact":false,"location":"spring-boot-2.4.3.jar","version":"2.4.3"},{"class":"org.springframework.boot.SpringApplication","method":"run","file":"SpringApplication.java","line":320,"exact":false,"location":"spring-boot-2.4.3.jar","version":"2.4.3"},{"class":"org.springframework.boot.test.context.SpringBootContextLoader","method":"loadContext","file":"SpringBootContextLoader.java","line":123,"exact":false,"location":"spring-boot-test-2.4.3.jar","version":"2.4.3"},{"class":"org.springframework.test.context.cache.DefaultCacheAwareContextLoaderDelegate","method":"loadContextInternal","file":"DefaultCacheAwareContextLoaderDelegate.java","line":99,"exact":false,"location":"spring-test-5.3.4.jar","version":"5.3.4"},{"class":"org.springframework.test.context.cache.DefaultCacheAwareContextLoaderDelegate","method":"loadContext","file":"DefaultCacheAwareContextLoaderDelegate.java","line":124,"exact":false,"location":"spring-test-5.3.4.jar","version":"5.3.4"}]},"extendedStackTrace":[{"class":"org.springframework.boot.context.properties.bind.Binder","method":"handleBindError","file":"Binder.java","line":363,"exact":false,"location":"spring-boot-2.4.3.jar","version":"2.4.3"},{"class":"org.springframework.boot.context.properties.bind.Binder","method":"bind","file":"Binder.java","line":323,"exact":false,"location":"spring-boot-2.4.3.jar","version":"2.4.3"},{"class":"org.springframework.boot.context.properties.bind.Binder","method":"lambda$null$1","file":"Binder.java","line":411,"exact":false,"location":"spring-boot-2.4.3.jar","version":"2.4.3"},{"class":"org.springframework.boot.context.properties.bind.Binder$Context","method":"withSource","file":"Binder.java","line":542,"exact":false,"location":"spring-boot-2.4.3.jar","version":"2.4.3"},{"class":"org.springframework.boot.context.properties.bind.Binder$Context","method":"access$800","file":"Binder.java","line":512,"exact":false,"location":"spring-boot-2.4.3.jar","version":"2.4.3"},{"class":"org.springframework.boot.context.properties.bind.Binder","method":"lambda$bindAggregate$2","file":"Binder.java","line":412,"exact":false,"location":"spring-boot-2.4.3.jar","version":"2.4.3"},{"class":"org.springframework.boot.context.properties.bind.AggregateElementBinder","method":"bind","file":"AggregateElementBinder.java","line":39,"exact":false,"location":"spring-boot-2.4.3.jar","version":"2.4.3"},{"class":"org.springframework.boot.context.properties.bind.MapBinder$EntryBinder","method":"lambda$bindEntries$0","file":"MapBinder.java","line":157,"exact":false,"location":"spring-boot-2.4.3.jar","version":"2.4.3"},{"class":"java.util.HashMap","method":"computeIfAbsent","file":"HashMap.java","line":1133,"exact":false,"location":"?","version":"?"},{"class":"org.springframework.boot.context.properties.bind.MapBinder$EntryBinder","method":"bindEntries","file":"MapBinder.java","line":157,"exact":false,"location":"spring-boot-2.4.3.jar","version":"2.4.3"},{"class":"org.springframework.boot.context.properties.bind.MapBinder","method":"bindAggregate","file":"MapBinder.java","line":68,"exact":false,"location":"spring-boot-2.4.3.jar","version":"2.4.3"},{"class":"org.springframework.boot.context.properties.bind.AggregateBinder","method":"bind","file":"AggregateBinder.java","line":56,"exact":false,"location":"spring-boot-2.4.3.jar","version":"2.4.3"},{"class":"org.springframework.boot.context.properties.bind.Binder","method":"lambda$bindAggregate$3","file":"Binder.java","line":414,"exact":false,"location":"spring-boot-2.4.3.jar","version":"2.4.3"},{"class":"org.springframework.boot.context.properties.bind.Binder$Context","method":"withIncreasedDepth","file":"Binder.java","line":571,"exact":false,"location":"spring-boot-2.4.3.jar","version":"2.4.3"},{"class":"org.springframework.boot.context.properties.bind.Binder$Context","method":"access$100","file":"Binder.java","line":512,"exact":false,"location":"spring-boot-2.4.3.jar","version":"2.4.3"},{"class":"org.springframework.boot.context.properties.bind.Binder","method":"bindAggregate","file":"Binder.java","line":414,"exact":false,"location":"spring-boot-2.4.3.jar","version":"2.4.3"},{"class":"org.springframework.boot.context.properties.bind.Binder","method":"bindObject","file":"Binder.java","line":375,"exact":false,"location":"spring-boot-2.4.3.jar","version":"2.4.3"},{"class":"org.springframework.boot.context.properties.bind.Binder","method":"bind","file":"Binder.java","line":319,"exact":false,"location":"spring-boot-2.4.3.jar","version":"2.4.3"},{"class":"org.springframework.boot.context.properties.bind.Binder","method":"bind","file":"Binder.java","line":308,"exact":false,"location":"spring-boot-2.4.3.jar","version":"2.4.3"},{"class":"org.springframework.boot.context.properties.bind.Binder","method":"bind","file":"Binder.java","line":238,"exact":false,"location":"spring-boot-2.4.3.jar","version":"2.4.3"},{"class":"org.springframework.boot.context.properties.bind.Binder","method":"bind","file":"Binder.java","line":212,"exact":false,"location":"spring-boot-2.4.3.jar","version":"2.4.3"},{"class":"org.springframework.boot.context.logging.LoggingApplicationListener","method":"setLogLevels","file":"LoggingApplicationListener.java","line":373,"exact":false,"location":"spring-boot-2.4.3.jar","version":"2.4.3"},{"class":"org.springframework.boot.context.logging.LoggingApplicationListener","method":"initializeFinalLoggingLevels","file":"LoggingApplicationListener.java","line":340,"exact":false,"location":"spring-boot-2.4.3.jar","version":"2.4.3"},{"class":"org.springframework.boot.context.logging.LoggingApplicationListener","method":"initialize","file":"LoggingApplicationListener.java","line":282,"exact":false,"location":"spring-boot-2.4.3.jar","version":"2.4.3"},{"class":"org.springframework.boot.context.logging.LoggingApplicationListener","method":"onApplicationEnvironmentPreparedEvent","file":"LoggingApplicationListener.java","line":239,"exact":false,"location":"spring-boot-2.4.3.jar","version":"2.4.3"},{"class":"org.springframework.boot.context.logging.LoggingApplicationListener","method":"onApplicationEvent","file":"LoggingApplicationListener.java","line":216,"exact":false,"location":"spring-boot-2.4.3.jar","version":"2.4.3"},{"class":"org.springframework.context.event.SimpleApplicationEventMulticaster","method":"doInvokeListener","file":"SimpleApplicationEventMulticaster.java","line":176,"exact":false,"location":"spring-context-5.3.4.jar","version":"5.3.4"},{"class":"org.springframework.context.event.SimpleApplicationEventMulticaster","method":"invokeListener","file":"SimpleApplicationEventMulticaster.java","line":169,"exact":false,"location":"spring-context-5.3.4.jar","version":"5.3.4"},{"class":"org.springframework.context.event.SimpleApplicationEventMulticaster","method":"multicastEvent","file":"SimpleApplicationEventMulticaster.java","line":143,"exact":false,"location":"spring-context-5.3.4.jar","version":"5.3.4"},{"class":"org.springframework.context.event.SimpleApplicationEventMulticaster","method":"multicastEvent","file":"SimpleApplicationEventMulticaster.java","line":131,"exact":false,"location":"spring-context-5.3.4.jar","version":"5.3.4"},{"class":"org.springframework.boot.context.event.EventPublishingRunListener","method":"environmentPrepared","file":"EventPublishingRunListener.java","line":82,"exact":false,"location":"spring-boot-2.4.3.jar","version":"2.4.3"},{"class":"org.springframework.boot.SpringApplicationRunListeners","method":"lambda$environmentPrepared$2","file":"SpringApplicationRunListeners.java","line":63,"exact":false,"location":"spring-boot-2.4.3.jar","version":"2.4.3"},{"class":"java.util.ArrayList","method":"forEach","file":"ArrayList.java","line":1541,"exact":false,"location":"?","version":"?"},{"class":"org.springframework.boot.SpringApplicationRunListeners","method":"doWithListeners","file":"SpringApplicationRunListeners.java","line":117,"exact":false,"location":"spring-boot-2.4.3.jar","version":"2.4.3"},{"class":"org.springframework.boot.SpringApplicationRunListeners","method":"doWithListeners","file":"SpringApplicationRunListeners.java","line":111,"exact":false,"location":"spring-boot-2.4.3.jar","version":"2.4.3"},{"class":"org.springframework.boot.SpringApplicationRunListeners","method":"environmentPrepared","file":"SpringApplicationRunListeners.java","line":62,"exact":false,"location":"spring-boot-2.4.3.jar","version":"2.4.3"},{"class":"org.springframework.boot.SpringApplication","method":"prepareEnvironment","file":"SpringApplication.java","line":362,"exact":false,"location":"spring-boot-2.4.3.jar","version":"2.4.3"},{"class":"org.springframework.boot.SpringApplication","method":"run","file":"SpringApplication.java","line":320,"exact":false,"location":"spring-boot-2.4.3.jar","version":"2.4.3"},{"class":"org.springframework.boot.test.context.SpringBootContextLoader","method":"loadContext","file":"SpringBootContextLoader.java","line":123,"exact":false,"location":"spring-boot-test-2.4.3.jar","version":"2.4.3"},{"class":"org.springframework.test.context.cache.DefaultCacheAwareContextLoaderDelegate","method":"loadContextInternal","file":"DefaultCacheAwareContextLoaderDelegate.java","line":99,"exact":false,"location":"spring-test-5.3.4.jar","version":"5.3.4"},{"class":"org.springframework.test.context.cache.DefaultCacheAwareContextLoaderDelegate","method":"loadContext","file":"DefaultCacheAwareContextLoaderDelegate.java","line":124,"exact":false,"location":"spring-test-5.3.4.jar","version":"5.3.4"}]},"extendedStackTrace":[{"class":"org.springframework.test.context.cache.DefaultCacheAwareContextLoaderDelegate","method":"loadContext","file":"DefaultCacheAwareContextLoaderDelegate.java","line":132,"exact":false,"location":"spring-test-5.3.4.jar","version":"5.3.4"},{"class":"org.springframework.test.context.support.DefaultTestContext","method":"getApplicationContext","file":"DefaultTestContext.java","line":124,"exact":false,"location":"spring-test-5.3.4.jar","version":"5.3.4"},{"class":"org.springframework.test.context.web.ServletTestExecutionListener","method":"setUpRequestContextIfNecessary","file":"ServletTestExecutionListener.java","line":190,"exact":false,"location":"spring-test-5.3.4.jar","version":"5.3.4"},{"class":"org.springframework.test.context.web.ServletTestExecutionListener","method":"prepareTestInstance","file":"ServletTestExecutionListener.java","line":132,"exact":false,"location":"spring-test-5.3.4.jar","version":"5.3.4"},{"class":"org.springframework.test.context.TestContextManager","method":"prepareTestInstance","file":"TestContextManager.java","line":244,"exact":false,"location":"spring-test-5.3.4.jar","version":"5.3.4"},{"class":"org.springframework.test.context.junit.jupiter.SpringExtension","method":"postProcessTestInstance","file":"SpringExtension.java","line":138,"exact":false,"location":"spring-test-5.3.4.jar","version":"5.3.4"},{"class":"org.junit.jupiter.engine.descriptor.ClassBasedTestDescriptor","method":"lambda$invokeTestInstancePostProcessors$6","file":"ClassBasedTestDescriptor.java","line":350,"exact":false,"location":"junit-jupiter-engine-5.7.1.jar","version":"5.7.1"},{"class":"org.junit.jupiter.engine.descriptor.ClassBasedTestDescriptor","method":"executeAndMaskThrowable","file":"ClassBasedTestDescriptor.java","line":355,"exact":false,"location":"junit-jupiter-engine-5.7.1.jar","version":"5.7.1"},{"class":"org.junit.jupiter.engine.descriptor.ClassBasedTestDescriptor","method":"lambda$invokeTestInstancePostProcessors$7","file":"ClassBasedTestDescriptor.java","line":350,"exact":false,"location":"junit-jupiter-engine-5.7.1.jar","version":"5.7.1"},{"class":"java.util.stream.ReferencePipeline$3$1","method":"accept","file":"ReferencePipeline.java","line":195,"exact":false,"location":"?","version":"?"},{"class":"java.util.stream.ReferencePipeline$2$1","method":"accept","file":"ReferencePipeline.java","line":177,"exact":false,"location":"?","version":"?"},{"class":"java.util.ArrayList$ArrayListSpliterator","method":"forEachRemaining","file":"ArrayList.java","line":1655,"exact":false,"location":"?","version":"?"},{"class":"java.util.stream.AbstractPipeline","method":"copyInto","file":"AbstractPipeline.java","line":484,"exact":false,"location":"?","version":"?"},{"class":"java.util.stream.AbstractPipeline","method":"wrapAndCopyInto","file":"AbstractPipeline.java","line":474,"exact":false,"location":"?","version":"?"},{"class":"java.util.stream.StreamSpliterators$WrappingSpliterator","method":"forEachRemaining","file":"StreamSpliterators.java","line":312,"exact":false,"location":"?","version":"?"},{"class":"java.util.stream.Streams$ConcatSpliterator","method":"forEachRemaining","file":"Streams.java","line":735,"exact":false,"location":"?","version":"?"},{"class":"java.util.stream.Streams$ConcatSpliterator","method":"forEachRemaining","file":"Streams.java","line":734,"exact":false,"location":"?","version":"?"},{"class":"java.util.stream.ReferencePipeline$Head","method":"forEach","file":"ReferencePipeline.java","line":658,"exact":false,"location":"?","version":"?"},{"class":"org.junit.jupiter.engine.descriptor.ClassBasedTestDescriptor","method":"invokeTestInstancePostProcessors","file":"ClassBasedTestDescriptor.java","line":349,"exact":false,"location":"junit-jupiter-engine-5.7.1.jar","version":"5.7.1"},{"class":"org.junit.jupiter.engine.descriptor.ClassBasedTestDescriptor","method":"lambda$instantiateAndPostProcessTestInstance$4","file":"ClassBasedTestDescriptor.java","line":270,"exact":false,"location":"junit-jupiter-engine-5.7.1.jar","version":"5.7.1"},{"class":"org.junit.platform.engine.support.hierarchical.ThrowableCollector","method":"execute","file":"ThrowableCollector.java","line":73,"exact":false,"location":"junit-platform-engine-1.7.1.jar","version":"1.7.1"},{"class":"org.junit.jupiter.engine.descriptor.ClassBasedTestDescriptor","method":"instantiateAndPostProcessTestInstance","file":"ClassBasedTestDescriptor.java","line":269,"exact":false,"location":"junit-jupiter-engine-5.7.1.jar","version":"5.7.1"},{"class":"org.junit.jupiter.engine.descriptor.ClassBasedTestDescriptor","method":"lambda$testInstancesProvider$2","file":"ClassBasedTestDescriptor.java","line":259,"exact":false,"location":"junit-jupiter-engine-5.7.1.jar","version":"5.7.1"},{"class":"java.util.Optional","method":"orElseGet","file":"Optional.java","line":369,"exact":false,"location":"?","version":"?"},{"class":"org.junit.jupiter.engine.descriptor.ClassBasedTestDescriptor","method":"lambda$testInstancesProvider$3","file":"ClassBasedTestDescriptor.java","line":258,"exact":false,"location":"junit-jupiter-engine-5.7.1.jar","version":"5.7.1"},{"class":"org.junit.jupiter.engine.execution.TestInstancesProvider","method":"getTestInstances","file":"TestInstancesProvider.java","line":31,"exact":false,"location":"junit-jupiter-engine-5.7.1.jar","version":"5.7.1"},{"class":"org.junit.jupiter.engine.descriptor.TestMethodTestDescriptor","method":"lambda$prepare$0","file":"TestMethodTestDescriptor.java","line":101,"exact":false,"location":"junit-jupiter-engine-5.7.1.jar","version":"5.7.1"},{"class":"org.junit.platform.engine.support.hierarchical.ThrowableCollector","method":"execute","file":"ThrowableCollector.java","line":73,"exact":false,"location":"junit-platform-engine-1.7.1.jar","version":"1.7.1"},{"class":"org.junit.jupiter.engine.descriptor.TestMethodTestDescriptor","method":"prepare","file":"TestMethodTestDescriptor.java","line":100,"exact":false,"location":"junit-jupiter-engine-5.7.1.jar","version":"5.7.1"},{"class":"org.junit.jupiter.engine.descriptor.TestMethodTestDescriptor","method":"prepare","file":"TestMethodTestDescriptor.java","line":65,"exact":false,"location":"junit-jupiter-engine-5.7.1.jar","version":"5.7.1"},{"class":"org.junit.platform.engine.support.hierarchical.NodeTestTask","method":"lambda$prepare$1","file":"NodeTestTask.java","line":111,"exact":false,"location":"junit-platform-engine-1.7.1.jar","version":"1.7.1"},{"class":"org.junit.platform.engine.support.hierarchical.ThrowableCollector","method":"execute","file":"ThrowableCollector.java","line":73,"exact":false,"location":"junit-platform-engine-1.7.1.jar","version":"1.7.1"},{"class":"org.junit.platform.engine.support.hierarchical.NodeTestTask","method":"prepare","file":"NodeTestTask.java","line":111,"exact":false,"location":"junit-platform-engine-1.7.1.jar","version":"1.7.1"},{"class":"org.junit.platform.engine.support.hierarchical.NodeTestTask","method":"execute","file":"NodeTestTask.java","line":79,"exact":false,"location":"junit-platform-engine-1.7.1.jar","version":"1.7.1"},{"class":"java.util.ArrayList","method":"forEach","file":"ArrayList.java","line":1541,"exact":false,"location":"?","version":"?"},{"class":"org.junit.platform.engine.support.hierarchical.SameThreadHierarchicalTestExecutorService","method":"invokeAll","file":"SameThreadHierarchicalTestExecutorService.java","line":38,"exact":false,"location":"junit-platform-engine-1.7.1.jar","version":"1.7.1"},{"class":"org.junit.platform.engine.support.hierarchical.NodeTestTask","method":"lambda$executeRecursively$5","file":"NodeTestTask.java","line":143,"exact":false,"location":"junit-platform-engine-1.7.1.jar","version":"1.7.1"},{"class":"org.junit.platform.engine.support.hierarchical.ThrowableCollector","method":"execute","file":"ThrowableCollector.java","line":73,"exact":false,"location":"junit-platform-engine-1.7.1.jar","version":"1.7.1"},{"class":"org.junit.platform.engine.support.hierarchical.NodeTestTask","method":"lambda$executeRecursively$7","file":"NodeTestTask.java","line":129,"exact":false,"location":"junit-platform-engine-1.7.1.jar","version":"1.7.1"},{"class":"org.junit.platform.engine.support.hierarchical.Node","method":"around","file":"Node.java","line":137,"exact":false,"location":"junit-platform-engine-1.7.1.jar","version":"1.7.1"},{"class":"org.junit.platform.engine.support.hierarchical.NodeTestTask","method":"lambda$executeRecursively$8","file":"NodeTestTask.java","line":127,"exact":false,"location":"junit-platform-engine-1.7.1.jar","version":"1.7.1"},{"class":"org.junit.platform.engine.support.hierarchical.ThrowableCollector","method":"execute","file":"ThrowableCollector.java","line":73,"exact":false,"location":"junit-platform-engine-1.7.1.jar","version":"1.7.1"},{"class":"org.junit.platform.engine.support.hierarchical.NodeTestTask","method":"executeRecursively","file":"NodeTestTask.java","line":126,"exact":false,"location":"junit-platform-engine-1.7.1.jar","version":"1.7.1"},{"class":"org.junit.platform.engine.support.hierarchical.NodeTestTask","method":"execute","file":"NodeTestTask.java","line":84,"exact":false,"location":"junit-platform-engine-1.7.1.jar","version":"1.7.1"},{"class":"java.util.ArrayList","method":"forEach","file":"ArrayList.java","line":1541,"exact":false,"location":"?","version":"?"},{"class":"org.junit.platform.engine.support.hierarchical.SameThreadHierarchicalTestExecutorService","method":"invokeAll","file":"SameThreadHierarchicalTestExecutorService.java","line":38,"exact":false,"location":"junit-platform-engine-1.7.1.jar","version":"1.7.1"},{"class":"org.junit.platform.engine.support.hierarchical.NodeTestTask","method":"lambda$executeRecursively$5","file":"NodeTestTask.java","line":143,"exact":false,"location":"junit-platform-engine-1.7.1.jar","version":"1.7.1"},{"class":"org.junit.platform.engine.support.hierarchical.ThrowableCollector","method":"execute","file":"ThrowableCollector.java","line":73,"exact":false,"location":"junit-platform-engine-1.7.1.jar","version":"1.7.1"},{"class":"org.junit.platform.engine.support.hierarchical.NodeTestTask","method":"lambda$executeRecursively$7","file":"NodeTestTask.java","line":129,"exact":false,"location":"junit-platform-engine-1.7.1.jar","version":"1.7.1"},{"class":"org.junit.platform.engine.support.hierarchical.Node","method":"around","file":"Node.java","line":137,"exact":false,"location":"junit-platform-engine-1.7.1.jar","version":"1.7.1"},{"class":"org.junit.platform.engine.support.hierarchical.NodeTestTask","method":"lambda$executeRecursively$8","file":"NodeTestTask.java","line":127,"exact":false,"location":"junit-platform-engine-1.7.1.jar","version":"1.7.1"},{"class":"org.junit.platform.engine.support.hierarchical.ThrowableCollector","method":"execute","file":"ThrowableCollector.java","line":73,"exact":false,"location":"junit-platform-engine-1.7.1.jar","version":"1.7.1"},{"class":"org.junit.platform.engine.support.hierarchical.NodeTestTask","method":"executeRecursively","file":"NodeTestTask.java","line":126,"exact":false,"location":"junit-platform-engine-1.7.1.jar","version":"1.7.1"},{"class":"org.junit.platform.engine.support.hierarchical.NodeTestTask","method":"execute","file":"NodeTestTask.java","line":84,"exact":false,"location":"junit-platform-engine-1.7.1.jar","version":"1.7.1"},{"class":"org.junit.platform.engine.support.hierarchical.SameThreadHierarchicalTestExecutorService","method":"submit","file":"SameThreadHierarchicalTestExecutorService.java","line":32,"exact":false,"location":"junit-platform-engine-1.7.1.jar","version":"1.7.1"},{"class":"org.junit.platform.engine.support.hierarchical.HierarchicalTestExecutor","method":"execute","file":"HierarchicalTestExecutor.java","line":57,"exact":false,"location":"junit-platform-engine-1.7.1.jar","version":"1.7.1"},{"class":"org.junit.platform.engine.support.hierarchical.HierarchicalTestEngine","method":"execute","file":"HierarchicalTestEngine.java","line":51,"exact":false,"location":"junit-platform-engine-1.7.1.jar","version":"1.7.1"},{"class":"org.junit.platform.launcher.core.DefaultLauncher","method":"execute","file":"DefaultLauncher.java","line":220,"exact":false,"location":"junit-platform-launcher-1.3.1.jar","version":"1.3.1"},{"class":"org.junit.platform.launcher.core.DefaultLauncher","method":"lambda$execute$6","file":"DefaultLauncher.java","line":188,"exact":false,"location":"junit-platform-launcher-1.3.1.jar","version":"1.3.1"},{"class":"org.junit.platform.launcher.core.DefaultLauncher","method":"withInterceptedStreams","file":"DefaultLauncher.java","line":202,"exact":true,"location":"junit-platform-launcher-1.3.1.jar","version":"1.3.1"},{"class":"org.junit.platform.launcher.core.DefaultLauncher","method":"execute","file":"DefaultLauncher.java","line":181,"exact":true,"location":"junit-platform-launcher-1.3.1.jar","version":"1.3.1"},{"class":"org.junit.platform.launcher.core.DefaultLauncher","method":"execute","file":"DefaultLauncher.java","line":128,"exact":true,"location":"junit-platform-launcher-1.3.1.jar","version":"1.3.1"},{"class":"org.apache.maven.surefire.junitplatform.JUnitPlatformProvider","method":"invokeAllTests","file":"JUnitPlatformProvider.java","line":150,"exact":true,"location":"surefire-junit-platform-2.22.2.jar","version":"2.22.2"},{"class":"org.apache.maven.surefire.junitplatform.JUnitPlatformProvider","method":"invoke","file":"JUnitPlatformProvider.java","line":124,"exact":true,"location":"surefire-junit-platform-2.22.2.jar","version":"2.22.2"},{"class":"org.apache.maven.surefire.booter.ForkedBooter","method":"invokeProviderInSameClassLoader","file":"ForkedBooter.java","line":384,"exact":true,"location":"surefire-booter-2.22.2.jar","version":"2.22.2"},{"class":"org.apache.maven.surefire.booter.ForkedBooter","method":"runSuitesInProcess","file":"ForkedBooter.java","line":345,"exact":true,"location":"surefire-booter-2.22.2.jar","version":"2.22.2"},{"class":"org.apache.maven.surefire.booter.ForkedBooter","method":"execute","file":"ForkedBooter.java","line":126,"exact":true,"location":"surefire-booter-2.22.2.jar","version":"2.22.2"},{"class":"org.apache.maven.surefire.booter.ForkedBooter","method":"main","file":"ForkedBooter.java","line":418,"exact":true,"location":"surefire-booter-2.22.2.jar","version":"2.22.2"}]},"endOfBatch":false,"loggerFqcn":"org.apache.commons.logging.LogAdapter$Log4jLog","contextMap":{},"threadId":1,"threadPriority":5}
]]></system-out>
  </testcase>
</testsuite>